.
├── data_csv
│   ├── VAIPE_P_TRAIN_0.csv
│   ├── VAIPE_P_TRAIN_1.csv
│   ├── VAIPE_P_TRAIN_10.csv
│   ├── VAIPE_P_TRAIN_100.csv
│   ├── VAIPE_P_TRAIN_1000.csv
│   ├── VAIPE_P_TRAIN_1001.csv
│   ├── VAIPE_P_TRAIN_1002.csv
│   ├── VAIPE_P_TRAIN_1003.csv
│   ├── VAIPE_P_TRAIN_1004.csv
│   ├── VAIPE_P_TRAIN_1005.csv
│   ├── VAIPE_P_TRAIN_1006.csv
│   ├── VAIPE_P_TRAIN_1007.csv
│   ├── VAIPE_P_TRAIN_1008.csv
│   ├── VAIPE_P_TRAIN_1009.csv
│   ├── VAIPE_P_TRAIN_101.csv
│   ├── VAIPE_P_TRAIN_1010.csv
│   ├── VAIPE_P_TRAIN_1011.csv
│   ├── VAIPE_P_TRAIN_1012.csv
│   ├── VAIPE_P_TRAIN_1013.csv
│   ├── VAIPE_P_TRAIN_1014.csv
│   ├── VAIPE_P_TRAIN_1015.csv
│   ├── VAIPE_P_TRAIN_1016.csv
│   ├── VAIPE_P_TRAIN_1017.csv
│   ├── VAIPE_P_TRAIN_1018.csv
│   ├── VAIPE_P_TRAIN_1019.csv
│   ├── VAIPE_P_TRAIN_102.csv
│   ├── VAIPE_P_TRAIN_1020.csv
│   ├── VAIPE_P_TRAIN_1021.csv
│   ├── VAIPE_P_TRAIN_1022.csv
│   ├── VAIPE_P_TRAIN_1023.csv
│   ├── VAIPE_P_TRAIN_1024.csv
│   ├── VAIPE_P_TRAIN_1025.csv
│   ├── VAIPE_P_TRAIN_1026.csv
│   ├── VAIPE_P_TRAIN_1027.csv
│   ├── VAIPE_P_TRAIN_1028.csv
│   ├── VAIPE_P_TRAIN_1029.csv
│   ├── VAIPE_P_TRAIN_103.csv
│   ├── VAIPE_P_TRAIN_1030.csv
│   ├── VAIPE_P_TRAIN_1031.csv
│   ├── VAIPE_P_TRAIN_1032.csv
│   ├── VAIPE_P_TRAIN_1033.csv
│   ├── VAIPE_P_TRAIN_1034.csv
│   ├── VAIPE_P_TRAIN_1035.csv
│   ├── VAIPE_P_TRAIN_1036.csv
│   ├── VAIPE_P_TRAIN_1037.csv
│   ├── VAIPE_P_TRAIN_1038.csv
│   ├── VAIPE_P_TRAIN_1039.csv
│   ├── VAIPE_P_TRAIN_104.csv
│   ├── VAIPE_P_TRAIN_1040.csv
│   ├── VAIPE_P_TRAIN_1041.csv
│   ├── VAIPE_P_TRAIN_1042.csv
│   ├── VAIPE_P_TRAIN_1043.csv
│   ├── VAIPE_P_TRAIN_1044.csv
│   ├── VAIPE_P_TRAIN_1045.csv
│   ├── VAIPE_P_TRAIN_1046.csv
│   ├── VAIPE_P_TRAIN_1047.csv
│   ├── VAIPE_P_TRAIN_1048.csv
│   ├── VAIPE_P_TRAIN_1049.csv
│   ├── VAIPE_P_TRAIN_105.csv
│   ├── VAIPE_P_TRAIN_1050.csv
│   ├── VAIPE_P_TRAIN_1051.csv
│   ├── VAIPE_P_TRAIN_1052.csv
│   ├── VAIPE_P_TRAIN_1053.csv
│   ├── VAIPE_P_TRAIN_1054.csv
│   ├── VAIPE_P_TRAIN_1055.csv
│   ├── VAIPE_P_TRAIN_1056.csv
│   ├── VAIPE_P_TRAIN_1057.csv
│   ├── VAIPE_P_TRAIN_1058.csv
│   ├── VAIPE_P_TRAIN_1059.csv
│   ├── VAIPE_P_TRAIN_106.csv
│   ├── VAIPE_P_TRAIN_1060.csv
│   ├── VAIPE_P_TRAIN_1061.csv
│   ├── VAIPE_P_TRAIN_1062.csv
│   ├── VAIPE_P_TRAIN_1063.csv
│   ├── VAIPE_P_TRAIN_1064.csv
│   ├── VAIPE_P_TRAIN_1065.csv
│   ├── VAIPE_P_TRAIN_1066.csv
│   ├── VAIPE_P_TRAIN_1067.csv
│   ├── VAIPE_P_TRAIN_1068.csv
│   ├── VAIPE_P_TRAIN_1069.csv
│   ├── VAIPE_P_TRAIN_107.csv
│   ├── VAIPE_P_TRAIN_1070.csv
│   ├── VAIPE_P_TRAIN_1071.csv
│   ├── VAIPE_P_TRAIN_1072.csv
│   ├── VAIPE_P_TRAIN_1073.csv
│   ├── VAIPE_P_TRAIN_1074.csv
│   ├── VAIPE_P_TRAIN_1075.csv
│   ├── VAIPE_P_TRAIN_1076.csv
│   ├── VAIPE_P_TRAIN_1077.csv
│   ├── VAIPE_P_TRAIN_1078.csv
│   ├── VAIPE_P_TRAIN_1079.csv
│   ├── VAIPE_P_TRAIN_108.csv
│   ├── VAIPE_P_TRAIN_1080.csv
│   ├── VAIPE_P_TRAIN_1081.csv
│   ├── VAIPE_P_TRAIN_1082.csv
│   ├── VAIPE_P_TRAIN_1083.csv
│   ├── VAIPE_P_TRAIN_1084.csv
│   ├── VAIPE_P_TRAIN_1085.csv
│   ├── VAIPE_P_TRAIN_1086.csv
│   ├── VAIPE_P_TRAIN_1087.csv
│   ├── VAIPE_P_TRAIN_1088.csv
│   ├── VAIPE_P_TRAIN_1089.csv
│   ├── VAIPE_P_TRAIN_109.csv
│   ├── VAIPE_P_TRAIN_1090.csv
│   ├── VAIPE_P_TRAIN_1091.csv
│   ├── VAIPE_P_TRAIN_1092.csv
│   ├── VAIPE_P_TRAIN_1093.csv
│   ├── VAIPE_P_TRAIN_1094.csv
│   ├── VAIPE_P_TRAIN_1095.csv
│   ├── VAIPE_P_TRAIN_1096.csv
│   ├── VAIPE_P_TRAIN_1097.csv
│   ├── VAIPE_P_TRAIN_1098.csv
│   ├── VAIPE_P_TRAIN_1099.csv
│   ├── VAIPE_P_TRAIN_11.csv
│   ├── VAIPE_P_TRAIN_110.csv
│   ├── VAIPE_P_TRAIN_1100.csv
│   ├── VAIPE_P_TRAIN_1101.csv
│   ├── VAIPE_P_TRAIN_1102.csv
│   ├── VAIPE_P_TRAIN_1103.csv
│   ├── VAIPE_P_TRAIN_1104.csv
│   ├── VAIPE_P_TRAIN_1105.csv
│   ├── VAIPE_P_TRAIN_1106.csv
│   ├── VAIPE_P_TRAIN_1107.csv
│   ├── VAIPE_P_TRAIN_1108.csv
│   ├── VAIPE_P_TRAIN_1109.csv
│   ├── VAIPE_P_TRAIN_111.csv
│   ├── VAIPE_P_TRAIN_1110.csv
│   ├── VAIPE_P_TRAIN_1111.csv
│   ├── VAIPE_P_TRAIN_1112.csv
│   ├── VAIPE_P_TRAIN_1113.csv
│   ├── VAIPE_P_TRAIN_1114.csv
│   ├── VAIPE_P_TRAIN_1115.csv
│   ├── VAIPE_P_TRAIN_1116.csv
│   ├── VAIPE_P_TRAIN_1117.csv
│   ├── VAIPE_P_TRAIN_1118.csv
│   ├── VAIPE_P_TRAIN_1119.csv
│   ├── VAIPE_P_TRAIN_112.csv
│   ├── VAIPE_P_TRAIN_1120.csv
│   ├── VAIPE_P_TRAIN_1121.csv
│   ├── VAIPE_P_TRAIN_1122.csv
│   ├── VAIPE_P_TRAIN_1123.csv
│   ├── VAIPE_P_TRAIN_1124.csv
│   ├── VAIPE_P_TRAIN_1125.csv
│   ├── VAIPE_P_TRAIN_1126.csv
│   ├── VAIPE_P_TRAIN_1127.csv
│   ├── VAIPE_P_TRAIN_1128.csv
│   ├── VAIPE_P_TRAIN_1129.csv
│   ├── VAIPE_P_TRAIN_113.csv
│   ├── VAIPE_P_TRAIN_1130.csv
│   ├── VAIPE_P_TRAIN_1131.csv
│   ├── VAIPE_P_TRAIN_1132.csv
│   ├── VAIPE_P_TRAIN_1133.csv
│   ├── VAIPE_P_TRAIN_1134.csv
│   ├── VAIPE_P_TRAIN_1135.csv
│   ├── VAIPE_P_TRAIN_1136.csv
│   ├── VAIPE_P_TRAIN_1137.csv
│   ├── VAIPE_P_TRAIN_1138.csv
│   ├── VAIPE_P_TRAIN_1139.csv
│   ├── VAIPE_P_TRAIN_114.csv
│   ├── VAIPE_P_TRAIN_1140.csv
│   ├── VAIPE_P_TRAIN_1141.csv
│   ├── VAIPE_P_TRAIN_1142.csv
│   ├── VAIPE_P_TRAIN_1143.csv
│   ├── VAIPE_P_TRAIN_1144.csv
│   ├── VAIPE_P_TRAIN_1145.csv
│   ├── VAIPE_P_TRAIN_1146.csv
│   ├── VAIPE_P_TRAIN_1147.csv
│   ├── VAIPE_P_TRAIN_1148.csv
│   ├── VAIPE_P_TRAIN_1149.csv
│   ├── VAIPE_P_TRAIN_115.csv
│   ├── VAIPE_P_TRAIN_1150.csv
│   ├── VAIPE_P_TRAIN_1151.csv
│   ├── VAIPE_P_TRAIN_1152.csv
│   ├── VAIPE_P_TRAIN_1153.csv
│   ├── VAIPE_P_TRAIN_1154.csv
│   ├── VAIPE_P_TRAIN_1155.csv
│   ├── VAIPE_P_TRAIN_1156.csv
│   ├── VAIPE_P_TRAIN_1157.csv
│   ├── VAIPE_P_TRAIN_1158.csv
│   ├── VAIPE_P_TRAIN_1159.csv
│   ├── VAIPE_P_TRAIN_116.csv
│   ├── VAIPE_P_TRAIN_1160.csv
│   ├── VAIPE_P_TRAIN_1161.csv
│   ├── VAIPE_P_TRAIN_1162.csv
│   ├── VAIPE_P_TRAIN_1163.csv
│   ├── VAIPE_P_TRAIN_1164.csv
│   ├── VAIPE_P_TRAIN_1165.csv
│   ├── VAIPE_P_TRAIN_1166.csv
│   ├── VAIPE_P_TRAIN_1167.csv
│   ├── VAIPE_P_TRAIN_1168.csv
│   ├── VAIPE_P_TRAIN_1169.csv
│   ├── VAIPE_P_TRAIN_117.csv
│   ├── VAIPE_P_TRAIN_1170.csv
│   ├── VAIPE_P_TRAIN_1171.csv
│   ├── VAIPE_P_TRAIN_1172.csv
│   ├── VAIPE_P_TRAIN_118.csv
│   ├── VAIPE_P_TRAIN_119.csv
│   ├── VAIPE_P_TRAIN_12.csv
│   ├── VAIPE_P_TRAIN_120.csv
│   ├── VAIPE_P_TRAIN_121.csv
│   ├── VAIPE_P_TRAIN_122.csv
│   ├── VAIPE_P_TRAIN_123.csv
│   ├── VAIPE_P_TRAIN_124.csv
│   ├── VAIPE_P_TRAIN_125.csv
│   ├── VAIPE_P_TRAIN_126.csv
│   ├── VAIPE_P_TRAIN_127.csv
│   ├── VAIPE_P_TRAIN_128.csv
│   ├── VAIPE_P_TRAIN_129.csv
│   ├── VAIPE_P_TRAIN_13.csv
│   ├── VAIPE_P_TRAIN_130.csv
│   ├── VAIPE_P_TRAIN_131.csv
│   ├── VAIPE_P_TRAIN_132.csv
│   ├── VAIPE_P_TRAIN_133.csv
│   ├── VAIPE_P_TRAIN_134.csv
│   ├── VAIPE_P_TRAIN_135.csv
│   ├── VAIPE_P_TRAIN_136.csv
│   ├── VAIPE_P_TRAIN_137.csv
│   ├── VAIPE_P_TRAIN_138.csv
│   ├── VAIPE_P_TRAIN_139.csv
│   ├── VAIPE_P_TRAIN_14.csv
│   ├── VAIPE_P_TRAIN_140.csv
│   ├── VAIPE_P_TRAIN_141.csv
│   ├── VAIPE_P_TRAIN_142.csv
│   ├── VAIPE_P_TRAIN_143.csv
│   ├── VAIPE_P_TRAIN_144.csv
│   ├── VAIPE_P_TRAIN_145.csv
│   ├── VAIPE_P_TRAIN_146.csv
│   ├── VAIPE_P_TRAIN_147.csv
│   ├── VAIPE_P_TRAIN_148.csv
│   ├── VAIPE_P_TRAIN_149.csv
│   ├── VAIPE_P_TRAIN_15.csv
│   ├── VAIPE_P_TRAIN_150.csv
│   ├── VAIPE_P_TRAIN_151.csv
│   ├── VAIPE_P_TRAIN_152.csv
│   ├── VAIPE_P_TRAIN_153.csv
│   ├── VAIPE_P_TRAIN_154.csv
│   ├── VAIPE_P_TRAIN_155.csv
│   ├── VAIPE_P_TRAIN_156.csv
│   ├── VAIPE_P_TRAIN_157.csv
│   ├── VAIPE_P_TRAIN_158.csv
│   ├── VAIPE_P_TRAIN_159.csv
│   ├── VAIPE_P_TRAIN_16.csv
│   ├── VAIPE_P_TRAIN_160.csv
│   ├── VAIPE_P_TRAIN_161.csv
│   ├── VAIPE_P_TRAIN_162.csv
│   ├── VAIPE_P_TRAIN_163.csv
│   ├── VAIPE_P_TRAIN_164.csv
│   ├── VAIPE_P_TRAIN_165.csv
│   ├── VAIPE_P_TRAIN_166.csv
│   ├── VAIPE_P_TRAIN_167.csv
│   ├── VAIPE_P_TRAIN_168.csv
│   ├── VAIPE_P_TRAIN_169.csv
│   ├── VAIPE_P_TRAIN_17.csv
│   ├── VAIPE_P_TRAIN_170.csv
│   ├── VAIPE_P_TRAIN_171.csv
│   ├── VAIPE_P_TRAIN_172.csv
│   ├── VAIPE_P_TRAIN_173.csv
│   ├── VAIPE_P_TRAIN_174.csv
│   ├── VAIPE_P_TRAIN_175.csv
│   ├── VAIPE_P_TRAIN_176.csv
│   ├── VAIPE_P_TRAIN_177.csv
│   ├── VAIPE_P_TRAIN_178.csv
│   ├── VAIPE_P_TRAIN_179.csv
│   ├── VAIPE_P_TRAIN_18.csv
│   ├── VAIPE_P_TRAIN_180.csv
│   ├── VAIPE_P_TRAIN_181.csv
│   ├── VAIPE_P_TRAIN_182.csv
│   ├── VAIPE_P_TRAIN_183.csv
│   ├── VAIPE_P_TRAIN_184.csv
│   ├── VAIPE_P_TRAIN_185.csv
│   ├── VAIPE_P_TRAIN_186.csv
│   ├── VAIPE_P_TRAIN_187.csv
│   ├── VAIPE_P_TRAIN_188.csv
│   ├── VAIPE_P_TRAIN_189.csv
│   ├── VAIPE_P_TRAIN_19.csv
│   ├── VAIPE_P_TRAIN_190.csv
│   ├── VAIPE_P_TRAIN_191.csv
│   ├── VAIPE_P_TRAIN_192.csv
│   ├── VAIPE_P_TRAIN_193.csv
│   ├── VAIPE_P_TRAIN_194.csv
│   ├── VAIPE_P_TRAIN_195.csv
│   ├── VAIPE_P_TRAIN_196.csv
│   ├── VAIPE_P_TRAIN_197.csv
│   ├── VAIPE_P_TRAIN_198.csv
│   ├── VAIPE_P_TRAIN_199.csv
│   ├── VAIPE_P_TRAIN_2.csv
│   ├── VAIPE_P_TRAIN_20.csv
│   ├── VAIPE_P_TRAIN_200.csv
│   ├── VAIPE_P_TRAIN_201.csv
│   ├── VAIPE_P_TRAIN_202.csv
│   ├── VAIPE_P_TRAIN_203.csv
│   ├── VAIPE_P_TRAIN_204.csv
│   ├── VAIPE_P_TRAIN_205.csv
│   ├── VAIPE_P_TRAIN_206.csv
│   ├── VAIPE_P_TRAIN_207.csv
│   ├── VAIPE_P_TRAIN_208.csv
│   ├── VAIPE_P_TRAIN_209.csv
│   ├── VAIPE_P_TRAIN_21.csv
│   ├── VAIPE_P_TRAIN_210.csv
│   ├── VAIPE_P_TRAIN_211.csv
│   ├── VAIPE_P_TRAIN_212.csv
│   ├── VAIPE_P_TRAIN_213.csv
│   ├── VAIPE_P_TRAIN_214.csv
│   ├── VAIPE_P_TRAIN_215.csv
│   ├── VAIPE_P_TRAIN_216.csv
│   ├── VAIPE_P_TRAIN_217.csv
│   ├── VAIPE_P_TRAIN_218.csv
│   ├── VAIPE_P_TRAIN_219.csv
│   ├── VAIPE_P_TRAIN_22.csv
│   ├── VAIPE_P_TRAIN_220.csv
│   ├── VAIPE_P_TRAIN_221.csv
│   ├── VAIPE_P_TRAIN_222.csv
│   ├── VAIPE_P_TRAIN_223.csv
│   ├── VAIPE_P_TRAIN_224.csv
│   ├── VAIPE_P_TRAIN_225.csv
│   ├── VAIPE_P_TRAIN_226.csv
│   ├── VAIPE_P_TRAIN_227.csv
│   ├── VAIPE_P_TRAIN_228.csv
│   ├── VAIPE_P_TRAIN_229.csv
│   ├── VAIPE_P_TRAIN_23.csv
│   ├── VAIPE_P_TRAIN_230.csv
│   ├── VAIPE_P_TRAIN_231.csv
│   ├── VAIPE_P_TRAIN_232.csv
│   ├── VAIPE_P_TRAIN_233.csv
│   ├── VAIPE_P_TRAIN_234.csv
│   ├── VAIPE_P_TRAIN_235.csv
│   ├── VAIPE_P_TRAIN_236.csv
│   ├── VAIPE_P_TRAIN_237.csv
│   ├── VAIPE_P_TRAIN_238.csv
│   ├── VAIPE_P_TRAIN_239.csv
│   ├── VAIPE_P_TRAIN_24.csv
│   ├── VAIPE_P_TRAIN_240.csv
│   ├── VAIPE_P_TRAIN_241.csv
│   ├── VAIPE_P_TRAIN_242.csv
│   ├── VAIPE_P_TRAIN_243.csv
│   ├── VAIPE_P_TRAIN_244.csv
│   ├── VAIPE_P_TRAIN_245.csv
│   ├── VAIPE_P_TRAIN_246.csv
│   ├── VAIPE_P_TRAIN_247.csv
│   ├── VAIPE_P_TRAIN_248.csv
│   ├── VAIPE_P_TRAIN_249.csv
│   ├── VAIPE_P_TRAIN_25.csv
│   ├── VAIPE_P_TRAIN_250.csv
│   ├── VAIPE_P_TRAIN_251.csv
│   ├── VAIPE_P_TRAIN_252.csv
│   ├── VAIPE_P_TRAIN_253.csv
│   ├── VAIPE_P_TRAIN_254.csv
│   ├── VAIPE_P_TRAIN_255.csv
│   ├── VAIPE_P_TRAIN_256.csv
│   ├── VAIPE_P_TRAIN_257.csv
│   ├── VAIPE_P_TRAIN_258.csv
│   ├── VAIPE_P_TRAIN_259.csv
│   ├── VAIPE_P_TRAIN_26.csv
│   ├── VAIPE_P_TRAIN_260.csv
│   ├── VAIPE_P_TRAIN_261.csv
│   ├── VAIPE_P_TRAIN_262.csv
│   ├── VAIPE_P_TRAIN_263.csv
│   ├── VAIPE_P_TRAIN_264.csv
│   ├── VAIPE_P_TRAIN_265.csv
│   ├── VAIPE_P_TRAIN_266.csv
│   ├── VAIPE_P_TRAIN_267.csv
│   ├── VAIPE_P_TRAIN_268.csv
│   ├── VAIPE_P_TRAIN_269.csv
│   ├── VAIPE_P_TRAIN_27.csv
│   ├── VAIPE_P_TRAIN_270.csv
│   ├── VAIPE_P_TRAIN_271.csv
│   ├── VAIPE_P_TRAIN_272.csv
│   ├── VAIPE_P_TRAIN_273.csv
│   ├── VAIPE_P_TRAIN_274.csv
│   ├── VAIPE_P_TRAIN_275.csv
│   ├── VAIPE_P_TRAIN_276.csv
│   ├── VAIPE_P_TRAIN_277.csv
│   ├── VAIPE_P_TRAIN_278.csv
│   ├── VAIPE_P_TRAIN_279.csv
│   ├── VAIPE_P_TRAIN_28.csv
│   ├── VAIPE_P_TRAIN_280.csv
│   ├── VAIPE_P_TRAIN_281.csv
│   ├── VAIPE_P_TRAIN_282.csv
│   ├── VAIPE_P_TRAIN_283.csv
│   ├── VAIPE_P_TRAIN_284.csv
│   ├── VAIPE_P_TRAIN_285.csv
│   ├── VAIPE_P_TRAIN_286.csv
│   ├── VAIPE_P_TRAIN_287.csv
│   ├── VAIPE_P_TRAIN_288.csv
│   ├── VAIPE_P_TRAIN_289.csv
│   ├── VAIPE_P_TRAIN_29.csv
│   ├── VAIPE_P_TRAIN_290.csv
│   ├── VAIPE_P_TRAIN_291.csv
│   ├── VAIPE_P_TRAIN_292.csv
│   ├── VAIPE_P_TRAIN_293.csv
│   ├── VAIPE_P_TRAIN_294.csv
│   ├── VAIPE_P_TRAIN_295.csv
│   ├── VAIPE_P_TRAIN_296.csv
│   ├── VAIPE_P_TRAIN_297.csv
│   ├── VAIPE_P_TRAIN_298.csv
│   ├── VAIPE_P_TRAIN_299.csv
│   ├── VAIPE_P_TRAIN_3.csv
│   ├── VAIPE_P_TRAIN_30.csv
│   ├── VAIPE_P_TRAIN_300.csv
│   ├── VAIPE_P_TRAIN_301.csv
│   ├── VAIPE_P_TRAIN_302.csv
│   ├── VAIPE_P_TRAIN_303.csv
│   ├── VAIPE_P_TRAIN_304.csv
│   ├── VAIPE_P_TRAIN_305.csv
│   ├── VAIPE_P_TRAIN_306.csv
│   ├── VAIPE_P_TRAIN_307.csv
│   ├── VAIPE_P_TRAIN_308.csv
│   ├── VAIPE_P_TRAIN_309.csv
│   ├── VAIPE_P_TRAIN_31.csv
│   ├── VAIPE_P_TRAIN_310.csv
│   ├── VAIPE_P_TRAIN_311.csv
│   ├── VAIPE_P_TRAIN_312.csv
│   ├── VAIPE_P_TRAIN_313.csv
│   ├── VAIPE_P_TRAIN_314.csv
│   ├── VAIPE_P_TRAIN_315.csv
│   ├── VAIPE_P_TRAIN_316.csv
│   ├── VAIPE_P_TRAIN_317.csv
│   ├── VAIPE_P_TRAIN_318.csv
│   ├── VAIPE_P_TRAIN_319.csv
│   ├── VAIPE_P_TRAIN_32.csv
│   ├── VAIPE_P_TRAIN_320.csv
│   ├── VAIPE_P_TRAIN_321.csv
│   ├── VAIPE_P_TRAIN_322.csv
│   ├── VAIPE_P_TRAIN_323.csv
│   ├── VAIPE_P_TRAIN_324.csv
│   ├── VAIPE_P_TRAIN_325.csv
│   ├── VAIPE_P_TRAIN_326.csv
│   ├── VAIPE_P_TRAIN_327.csv
│   ├── VAIPE_P_TRAIN_328.csv
│   ├── VAIPE_P_TRAIN_329.csv
│   ├── VAIPE_P_TRAIN_33.csv
│   ├── VAIPE_P_TRAIN_330.csv
│   ├── VAIPE_P_TRAIN_331.csv
│   ├── VAIPE_P_TRAIN_332.csv
│   ├── VAIPE_P_TRAIN_333.csv
│   ├── VAIPE_P_TRAIN_334.csv
│   ├── VAIPE_P_TRAIN_335.csv
│   ├── VAIPE_P_TRAIN_336.csv
│   ├── VAIPE_P_TRAIN_337.csv
│   ├── VAIPE_P_TRAIN_338.csv
│   ├── VAIPE_P_TRAIN_339.csv
│   ├── VAIPE_P_TRAIN_34.csv
│   ├── VAIPE_P_TRAIN_340.csv
│   ├── VAIPE_P_TRAIN_341.csv
│   ├── VAIPE_P_TRAIN_342.csv
│   ├── VAIPE_P_TRAIN_343.csv
│   ├── VAIPE_P_TRAIN_344.csv
│   ├── VAIPE_P_TRAIN_345.csv
│   ├── VAIPE_P_TRAIN_346.csv
│   ├── VAIPE_P_TRAIN_347.csv
│   ├── VAIPE_P_TRAIN_348.csv
│   ├── VAIPE_P_TRAIN_349.csv
│   ├── VAIPE_P_TRAIN_35.csv
│   ├── VAIPE_P_TRAIN_350.csv
│   ├── VAIPE_P_TRAIN_351.csv
│   ├── VAIPE_P_TRAIN_352.csv
│   ├── VAIPE_P_TRAIN_353.csv
│   ├── VAIPE_P_TRAIN_354.csv
│   ├── VAIPE_P_TRAIN_355.csv
│   ├── VAIPE_P_TRAIN_356.csv
│   ├── VAIPE_P_TRAIN_357.csv
│   ├── VAIPE_P_TRAIN_358.csv
│   ├── VAIPE_P_TRAIN_359.csv
│   ├── VAIPE_P_TRAIN_36.csv
│   ├── VAIPE_P_TRAIN_360.csv
│   ├── VAIPE_P_TRAIN_361.csv
│   ├── VAIPE_P_TRAIN_362.csv
│   ├── VAIPE_P_TRAIN_363.csv
│   ├── VAIPE_P_TRAIN_364.csv
│   ├── VAIPE_P_TRAIN_365.csv
│   ├── VAIPE_P_TRAIN_366.csv
│   ├── VAIPE_P_TRAIN_367.csv
│   ├── VAIPE_P_TRAIN_368.csv
│   ├── VAIPE_P_TRAIN_369.csv
│   ├── VAIPE_P_TRAIN_37.csv
│   ├── VAIPE_P_TRAIN_370.csv
│   ├── VAIPE_P_TRAIN_371.csv
│   ├── VAIPE_P_TRAIN_372.csv
│   ├── VAIPE_P_TRAIN_373.csv
│   ├── VAIPE_P_TRAIN_374.csv
│   ├── VAIPE_P_TRAIN_375.csv
│   ├── VAIPE_P_TRAIN_376.csv
│   ├── VAIPE_P_TRAIN_377.csv
│   ├── VAIPE_P_TRAIN_378.csv
│   ├── VAIPE_P_TRAIN_379.csv
│   ├── VAIPE_P_TRAIN_38.csv
│   ├── VAIPE_P_TRAIN_380.csv
│   ├── VAIPE_P_TRAIN_381.csv
│   ├── VAIPE_P_TRAIN_382.csv
│   ├── VAIPE_P_TRAIN_383.csv
│   ├── VAIPE_P_TRAIN_384.csv
│   ├── VAIPE_P_TRAIN_385.csv
│   ├── VAIPE_P_TRAIN_386.csv
│   ├── VAIPE_P_TRAIN_387.csv
│   ├── VAIPE_P_TRAIN_388.csv
│   ├── VAIPE_P_TRAIN_389.csv
│   ├── VAIPE_P_TRAIN_39.csv
│   ├── VAIPE_P_TRAIN_390.csv
│   ├── VAIPE_P_TRAIN_391.csv
│   ├── VAIPE_P_TRAIN_392.csv
│   ├── VAIPE_P_TRAIN_393.csv
│   ├── VAIPE_P_TRAIN_394.csv
│   ├── VAIPE_P_TRAIN_395.csv
│   ├── VAIPE_P_TRAIN_396.csv
│   ├── VAIPE_P_TRAIN_397.csv
│   ├── VAIPE_P_TRAIN_398.csv
│   ├── VAIPE_P_TRAIN_399.csv
│   ├── VAIPE_P_TRAIN_4.csv
│   ├── VAIPE_P_TRAIN_40.csv
│   ├── VAIPE_P_TRAIN_400.csv
│   ├── VAIPE_P_TRAIN_401.csv
│   ├── VAIPE_P_TRAIN_402.csv
│   ├── VAIPE_P_TRAIN_403.csv
│   ├── VAIPE_P_TRAIN_404.csv
│   ├── VAIPE_P_TRAIN_405.csv
│   ├── VAIPE_P_TRAIN_406.csv
│   ├── VAIPE_P_TRAIN_407.csv
│   ├── VAIPE_P_TRAIN_408.csv
│   ├── VAIPE_P_TRAIN_409.csv
│   ├── VAIPE_P_TRAIN_41.csv
│   ├── VAIPE_P_TRAIN_410.csv
│   ├── VAIPE_P_TRAIN_411.csv
│   ├── VAIPE_P_TRAIN_412.csv
│   ├── VAIPE_P_TRAIN_413.csv
│   ├── VAIPE_P_TRAIN_414.csv
│   ├── VAIPE_P_TRAIN_415.csv
│   ├── VAIPE_P_TRAIN_416.csv
│   ├── VAIPE_P_TRAIN_417.csv
│   ├── VAIPE_P_TRAIN_418.csv
│   ├── VAIPE_P_TRAIN_419.csv
│   ├── VAIPE_P_TRAIN_42.csv
│   ├── VAIPE_P_TRAIN_420.csv
│   ├── VAIPE_P_TRAIN_421.csv
│   ├── VAIPE_P_TRAIN_422.csv
│   ├── VAIPE_P_TRAIN_423.csv
│   ├── VAIPE_P_TRAIN_424.csv
│   ├── VAIPE_P_TRAIN_425.csv
│   ├── VAIPE_P_TRAIN_426.csv
│   ├── VAIPE_P_TRAIN_427.csv
│   ├── VAIPE_P_TRAIN_428.csv
│   ├── VAIPE_P_TRAIN_429.csv
│   ├── VAIPE_P_TRAIN_43.csv
│   ├── VAIPE_P_TRAIN_430.csv
│   ├── VAIPE_P_TRAIN_431.csv
│   ├── VAIPE_P_TRAIN_432.csv
│   ├── VAIPE_P_TRAIN_433.csv
│   ├── VAIPE_P_TRAIN_434.csv
│   ├── VAIPE_P_TRAIN_435.csv
│   ├── VAIPE_P_TRAIN_436.csv
│   ├── VAIPE_P_TRAIN_437.csv
│   ├── VAIPE_P_TRAIN_438.csv
│   ├── VAIPE_P_TRAIN_439.csv
│   ├── VAIPE_P_TRAIN_44.csv
│   ├── VAIPE_P_TRAIN_440.csv
│   ├── VAIPE_P_TRAIN_441.csv
│   ├── VAIPE_P_TRAIN_442.csv
│   ├── VAIPE_P_TRAIN_443.csv
│   ├── VAIPE_P_TRAIN_444.csv
│   ├── VAIPE_P_TRAIN_445.csv
│   ├── VAIPE_P_TRAIN_446.csv
│   ├── VAIPE_P_TRAIN_447.csv
│   ├── VAIPE_P_TRAIN_448.csv
│   ├── VAIPE_P_TRAIN_449.csv
│   ├── VAIPE_P_TRAIN_45.csv
│   ├── VAIPE_P_TRAIN_450.csv
│   ├── VAIPE_P_TRAIN_451.csv
│   ├── VAIPE_P_TRAIN_452.csv
│   ├── VAIPE_P_TRAIN_453.csv
│   ├── VAIPE_P_TRAIN_454.csv
│   ├── VAIPE_P_TRAIN_455.csv
│   ├── VAIPE_P_TRAIN_456.csv
│   ├── VAIPE_P_TRAIN_457.csv
│   ├── VAIPE_P_TRAIN_458.csv
│   ├── VAIPE_P_TRAIN_459.csv
│   ├── VAIPE_P_TRAIN_46.csv
│   ├── VAIPE_P_TRAIN_460.csv
│   ├── VAIPE_P_TRAIN_461.csv
│   ├── VAIPE_P_TRAIN_462.csv
│   ├── VAIPE_P_TRAIN_463.csv
│   ├── VAIPE_P_TRAIN_464.csv
│   ├── VAIPE_P_TRAIN_465.csv
│   ├── VAIPE_P_TRAIN_466.csv
│   ├── VAIPE_P_TRAIN_467.csv
│   ├── VAIPE_P_TRAIN_468.csv
│   ├── VAIPE_P_TRAIN_469.csv
│   ├── VAIPE_P_TRAIN_47.csv
│   ├── VAIPE_P_TRAIN_470.csv
│   ├── VAIPE_P_TRAIN_471.csv
│   ├── VAIPE_P_TRAIN_472.csv
│   ├── VAIPE_P_TRAIN_473.csv
│   ├── VAIPE_P_TRAIN_474.csv
│   ├── VAIPE_P_TRAIN_475.csv
│   ├── VAIPE_P_TRAIN_476.csv
│   ├── VAIPE_P_TRAIN_477.csv
│   ├── VAIPE_P_TRAIN_478.csv
│   ├── VAIPE_P_TRAIN_479.csv
│   ├── VAIPE_P_TRAIN_48.csv
│   ├── VAIPE_P_TRAIN_480.csv
│   ├── VAIPE_P_TRAIN_481.csv
│   ├── VAIPE_P_TRAIN_482.csv
│   ├── VAIPE_P_TRAIN_483.csv
│   ├── VAIPE_P_TRAIN_484.csv
│   ├── VAIPE_P_TRAIN_485.csv
│   ├── VAIPE_P_TRAIN_486.csv
│   ├── VAIPE_P_TRAIN_487.csv
│   ├── VAIPE_P_TRAIN_488.csv
│   ├── VAIPE_P_TRAIN_489.csv
│   ├── VAIPE_P_TRAIN_49.csv
│   ├── VAIPE_P_TRAIN_490.csv
│   ├── VAIPE_P_TRAIN_491.csv
│   ├── VAIPE_P_TRAIN_492.csv
│   ├── VAIPE_P_TRAIN_493.csv
│   ├── VAIPE_P_TRAIN_494.csv
│   ├── VAIPE_P_TRAIN_495.csv
│   ├── VAIPE_P_TRAIN_496.csv
│   ├── VAIPE_P_TRAIN_497.csv
│   ├── VAIPE_P_TRAIN_498.csv
│   ├── VAIPE_P_TRAIN_499.csv
│   ├── VAIPE_P_TRAIN_5.csv
│   ├── VAIPE_P_TRAIN_50.csv
│   ├── VAIPE_P_TRAIN_500.csv
│   ├── VAIPE_P_TRAIN_501.csv
│   ├── VAIPE_P_TRAIN_502.csv
│   ├── VAIPE_P_TRAIN_503.csv
│   ├── VAIPE_P_TRAIN_504.csv
│   ├── VAIPE_P_TRAIN_505.csv
│   ├── VAIPE_P_TRAIN_506.csv
│   ├── VAIPE_P_TRAIN_507.csv
│   ├── VAIPE_P_TRAIN_508.csv
│   ├── VAIPE_P_TRAIN_509.csv
│   ├── VAIPE_P_TRAIN_51.csv
│   ├── VAIPE_P_TRAIN_510.csv
│   ├── VAIPE_P_TRAIN_511.csv
│   ├── VAIPE_P_TRAIN_512.csv
│   ├── VAIPE_P_TRAIN_513.csv
│   ├── VAIPE_P_TRAIN_514.csv
│   ├── VAIPE_P_TRAIN_515.csv
│   ├── VAIPE_P_TRAIN_516.csv
│   ├── VAIPE_P_TRAIN_517.csv
│   ├── VAIPE_P_TRAIN_518.csv
│   ├── VAIPE_P_TRAIN_519.csv
│   ├── VAIPE_P_TRAIN_52.csv
│   ├── VAIPE_P_TRAIN_520.csv
│   ├── VAIPE_P_TRAIN_521.csv
│   ├── VAIPE_P_TRAIN_522.csv
│   ├── VAIPE_P_TRAIN_523.csv
│   ├── VAIPE_P_TRAIN_524.csv
│   ├── VAIPE_P_TRAIN_525.csv
│   ├── VAIPE_P_TRAIN_526.csv
│   ├── VAIPE_P_TRAIN_527.csv
│   ├── VAIPE_P_TRAIN_528.csv
│   ├── VAIPE_P_TRAIN_529.csv
│   ├── VAIPE_P_TRAIN_53.csv
│   ├── VAIPE_P_TRAIN_530.csv
│   ├── VAIPE_P_TRAIN_531.csv
│   ├── VAIPE_P_TRAIN_532.csv
│   ├── VAIPE_P_TRAIN_533.csv
│   ├── VAIPE_P_TRAIN_534.csv
│   ├── VAIPE_P_TRAIN_535.csv
│   ├── VAIPE_P_TRAIN_536.csv
│   ├── VAIPE_P_TRAIN_537.csv
│   ├── VAIPE_P_TRAIN_538.csv
│   ├── VAIPE_P_TRAIN_539.csv
│   ├── VAIPE_P_TRAIN_54.csv
│   ├── VAIPE_P_TRAIN_540.csv
│   ├── VAIPE_P_TRAIN_541.csv
│   ├── VAIPE_P_TRAIN_542.csv
│   ├── VAIPE_P_TRAIN_543.csv
│   ├── VAIPE_P_TRAIN_544.csv
│   ├── VAIPE_P_TRAIN_545.csv
│   ├── VAIPE_P_TRAIN_546.csv
│   ├── VAIPE_P_TRAIN_547.csv
│   ├── VAIPE_P_TRAIN_548.csv
│   ├── VAIPE_P_TRAIN_549.csv
│   ├── VAIPE_P_TRAIN_55.csv
│   ├── VAIPE_P_TRAIN_550.csv
│   ├── VAIPE_P_TRAIN_551.csv
│   ├── VAIPE_P_TRAIN_552.csv
│   ├── VAIPE_P_TRAIN_553.csv
│   ├── VAIPE_P_TRAIN_554.csv
│   ├── VAIPE_P_TRAIN_555.csv
│   ├── VAIPE_P_TRAIN_556.csv
│   ├── VAIPE_P_TRAIN_557.csv
│   ├── VAIPE_P_TRAIN_558.csv
│   ├── VAIPE_P_TRAIN_559.csv
│   ├── VAIPE_P_TRAIN_56.csv
│   ├── VAIPE_P_TRAIN_560.csv
│   ├── VAIPE_P_TRAIN_561.csv
│   ├── VAIPE_P_TRAIN_562.csv
│   ├── VAIPE_P_TRAIN_563.csv
│   ├── VAIPE_P_TRAIN_564.csv
│   ├── VAIPE_P_TRAIN_565.csv
│   ├── VAIPE_P_TRAIN_566.csv
│   ├── VAIPE_P_TRAIN_567.csv
│   ├── VAIPE_P_TRAIN_568.csv
│   ├── VAIPE_P_TRAIN_569.csv
│   ├── VAIPE_P_TRAIN_57.csv
│   ├── VAIPE_P_TRAIN_570.csv
│   ├── VAIPE_P_TRAIN_571.csv
│   ├── VAIPE_P_TRAIN_572.csv
│   ├── VAIPE_P_TRAIN_573.csv
│   ├── VAIPE_P_TRAIN_574.csv
│   ├── VAIPE_P_TRAIN_575.csv
│   ├── VAIPE_P_TRAIN_576.csv
│   ├── VAIPE_P_TRAIN_577.csv
│   ├── VAIPE_P_TRAIN_578.csv
│   ├── VAIPE_P_TRAIN_579.csv
│   ├── VAIPE_P_TRAIN_58.csv
│   ├── VAIPE_P_TRAIN_580.csv
│   ├── VAIPE_P_TRAIN_581.csv
│   ├── VAIPE_P_TRAIN_582.csv
│   ├── VAIPE_P_TRAIN_583.csv
│   ├── VAIPE_P_TRAIN_584.csv
│   ├── VAIPE_P_TRAIN_585.csv
│   ├── VAIPE_P_TRAIN_586.csv
│   ├── VAIPE_P_TRAIN_587.csv
│   ├── VAIPE_P_TRAIN_588.csv
│   ├── VAIPE_P_TRAIN_589.csv
│   ├── VAIPE_P_TRAIN_59.csv
│   ├── VAIPE_P_TRAIN_590.csv
│   ├── VAIPE_P_TRAIN_591.csv
│   ├── VAIPE_P_TRAIN_592.csv
│   ├── VAIPE_P_TRAIN_593.csv
│   ├── VAIPE_P_TRAIN_594.csv
│   ├── VAIPE_P_TRAIN_595.csv
│   ├── VAIPE_P_TRAIN_596.csv
│   ├── VAIPE_P_TRAIN_597.csv
│   ├── VAIPE_P_TRAIN_598.csv
│   ├── VAIPE_P_TRAIN_599.csv
│   ├── VAIPE_P_TRAIN_6.csv
│   ├── VAIPE_P_TRAIN_60.csv
│   ├── VAIPE_P_TRAIN_600.csv
│   ├── VAIPE_P_TRAIN_601.csv
│   ├── VAIPE_P_TRAIN_602.csv
│   ├── VAIPE_P_TRAIN_603.csv
│   ├── VAIPE_P_TRAIN_604.csv
│   ├── VAIPE_P_TRAIN_605.csv
│   ├── VAIPE_P_TRAIN_606.csv
│   ├── VAIPE_P_TRAIN_607.csv
│   ├── VAIPE_P_TRAIN_608.csv
│   ├── VAIPE_P_TRAIN_609.csv
│   ├── VAIPE_P_TRAIN_61.csv
│   ├── VAIPE_P_TRAIN_610.csv
│   ├── VAIPE_P_TRAIN_611.csv
│   ├── VAIPE_P_TRAIN_612.csv
│   ├── VAIPE_P_TRAIN_613.csv
│   ├── VAIPE_P_TRAIN_614.csv
│   ├── VAIPE_P_TRAIN_615.csv
│   ├── VAIPE_P_TRAIN_616.csv
│   ├── VAIPE_P_TRAIN_617.csv
│   ├── VAIPE_P_TRAIN_618.csv
│   ├── VAIPE_P_TRAIN_619.csv
│   ├── VAIPE_P_TRAIN_62.csv
│   ├── VAIPE_P_TRAIN_620.csv
│   ├── VAIPE_P_TRAIN_621.csv
│   ├── VAIPE_P_TRAIN_622.csv
│   ├── VAIPE_P_TRAIN_623.csv
│   ├── VAIPE_P_TRAIN_624.csv
│   ├── VAIPE_P_TRAIN_625.csv
│   ├── VAIPE_P_TRAIN_626.csv
│   ├── VAIPE_P_TRAIN_627.csv
│   ├── VAIPE_P_TRAIN_628.csv
│   ├── VAIPE_P_TRAIN_629.csv
│   ├── VAIPE_P_TRAIN_63.csv
│   ├── VAIPE_P_TRAIN_630.csv
│   ├── VAIPE_P_TRAIN_631.csv
│   ├── VAIPE_P_TRAIN_632.csv
│   ├── VAIPE_P_TRAIN_633.csv
│   ├── VAIPE_P_TRAIN_634.csv
│   ├── VAIPE_P_TRAIN_635.csv
│   ├── VAIPE_P_TRAIN_636.csv
│   ├── VAIPE_P_TRAIN_637.csv
│   ├── VAIPE_P_TRAIN_638.csv
│   ├── VAIPE_P_TRAIN_639.csv
│   ├── VAIPE_P_TRAIN_64.csv
│   ├── VAIPE_P_TRAIN_640.csv
│   ├── VAIPE_P_TRAIN_641.csv
│   ├── VAIPE_P_TRAIN_642.csv
│   ├── VAIPE_P_TRAIN_643.csv
│   ├── VAIPE_P_TRAIN_644.csv
│   ├── VAIPE_P_TRAIN_645.csv
│   ├── VAIPE_P_TRAIN_646.csv
│   ├── VAIPE_P_TRAIN_647.csv
│   ├── VAIPE_P_TRAIN_648.csv
│   ├── VAIPE_P_TRAIN_649.csv
│   ├── VAIPE_P_TRAIN_65.csv
│   ├── VAIPE_P_TRAIN_650.csv
│   ├── VAIPE_P_TRAIN_651.csv
│   ├── VAIPE_P_TRAIN_652.csv
│   ├── VAIPE_P_TRAIN_653.csv
│   ├── VAIPE_P_TRAIN_654.csv
│   ├── VAIPE_P_TRAIN_655.csv
│   ├── VAIPE_P_TRAIN_656.csv
│   ├── VAIPE_P_TRAIN_657.csv
│   ├── VAIPE_P_TRAIN_658.csv
│   ├── VAIPE_P_TRAIN_659.csv
│   ├── VAIPE_P_TRAIN_66.csv
│   ├── VAIPE_P_TRAIN_660.csv
│   ├── VAIPE_P_TRAIN_661.csv
│   ├── VAIPE_P_TRAIN_662.csv
│   ├── VAIPE_P_TRAIN_663.csv
│   ├── VAIPE_P_TRAIN_664.csv
│   ├── VAIPE_P_TRAIN_665.csv
│   ├── VAIPE_P_TRAIN_666.csv
│   ├── VAIPE_P_TRAIN_667.csv
│   ├── VAIPE_P_TRAIN_668.csv
│   ├── VAIPE_P_TRAIN_669.csv
│   ├── VAIPE_P_TRAIN_67.csv
│   ├── VAIPE_P_TRAIN_670.csv
│   ├── VAIPE_P_TRAIN_671.csv
│   ├── VAIPE_P_TRAIN_672.csv
│   ├── VAIPE_P_TRAIN_673.csv
│   ├── VAIPE_P_TRAIN_674.csv
│   ├── VAIPE_P_TRAIN_675.csv
│   ├── VAIPE_P_TRAIN_676.csv
│   ├── VAIPE_P_TRAIN_677.csv
│   ├── VAIPE_P_TRAIN_678.csv
│   ├── VAIPE_P_TRAIN_679.csv
│   ├── VAIPE_P_TRAIN_68.csv
│   ├── VAIPE_P_TRAIN_680.csv
│   ├── VAIPE_P_TRAIN_681.csv
│   ├── VAIPE_P_TRAIN_682.csv
│   ├── VAIPE_P_TRAIN_683.csv
│   ├── VAIPE_P_TRAIN_684.csv
│   ├── VAIPE_P_TRAIN_685.csv
│   ├── VAIPE_P_TRAIN_686.csv
│   ├── VAIPE_P_TRAIN_687.csv
│   ├── VAIPE_P_TRAIN_688.csv
│   ├── VAIPE_P_TRAIN_689.csv
│   ├── VAIPE_P_TRAIN_69.csv
│   ├── VAIPE_P_TRAIN_690.csv
│   ├── VAIPE_P_TRAIN_691.csv
│   ├── VAIPE_P_TRAIN_692.csv
│   ├── VAIPE_P_TRAIN_693.csv
│   ├── VAIPE_P_TRAIN_694.csv
│   ├── VAIPE_P_TRAIN_695.csv
│   ├── VAIPE_P_TRAIN_696.csv
│   ├── VAIPE_P_TRAIN_697.csv
│   ├── VAIPE_P_TRAIN_698.csv
│   ├── VAIPE_P_TRAIN_699.csv
│   ├── VAIPE_P_TRAIN_7.csv
│   ├── VAIPE_P_TRAIN_70.csv
│   ├── VAIPE_P_TRAIN_700.csv
│   ├── VAIPE_P_TRAIN_701.csv
│   ├── VAIPE_P_TRAIN_702.csv
│   ├── VAIPE_P_TRAIN_703.csv
│   ├── VAIPE_P_TRAIN_704.csv
│   ├── VAIPE_P_TRAIN_705.csv
│   ├── VAIPE_P_TRAIN_706.csv
│   ├── VAIPE_P_TRAIN_707.csv
│   ├── VAIPE_P_TRAIN_708.csv
│   ├── VAIPE_P_TRAIN_709.csv
│   ├── VAIPE_P_TRAIN_71.csv
│   ├── VAIPE_P_TRAIN_710.csv
│   ├── VAIPE_P_TRAIN_711.csv
│   ├── VAIPE_P_TRAIN_712.csv
│   ├── VAIPE_P_TRAIN_713.csv
│   ├── VAIPE_P_TRAIN_714.csv
│   ├── VAIPE_P_TRAIN_715.csv
│   ├── VAIPE_P_TRAIN_716.csv
│   ├── VAIPE_P_TRAIN_717.csv
│   ├── VAIPE_P_TRAIN_718.csv
│   ├── VAIPE_P_TRAIN_719.csv
│   ├── VAIPE_P_TRAIN_72.csv
│   ├── VAIPE_P_TRAIN_720.csv
│   ├── VAIPE_P_TRAIN_721.csv
│   ├── VAIPE_P_TRAIN_722.csv
│   ├── VAIPE_P_TRAIN_723.csv
│   ├── VAIPE_P_TRAIN_724.csv
│   ├── VAIPE_P_TRAIN_725.csv
│   ├── VAIPE_P_TRAIN_726.csv
│   ├── VAIPE_P_TRAIN_727.csv
│   ├── VAIPE_P_TRAIN_728.csv
│   ├── VAIPE_P_TRAIN_729.csv
│   ├── VAIPE_P_TRAIN_73.csv
│   ├── VAIPE_P_TRAIN_730.csv
│   ├── VAIPE_P_TRAIN_731.csv
│   ├── VAIPE_P_TRAIN_732.csv
│   ├── VAIPE_P_TRAIN_733.csv
│   ├── VAIPE_P_TRAIN_734.csv
│   ├── VAIPE_P_TRAIN_735.csv
│   ├── VAIPE_P_TRAIN_736.csv
│   ├── VAIPE_P_TRAIN_737.csv
│   ├── VAIPE_P_TRAIN_738.csv
│   ├── VAIPE_P_TRAIN_739.csv
│   ├── VAIPE_P_TRAIN_74.csv
│   ├── VAIPE_P_TRAIN_740.csv
│   ├── VAIPE_P_TRAIN_741.csv
│   ├── VAIPE_P_TRAIN_742.csv
│   ├── VAIPE_P_TRAIN_743.csv
│   ├── VAIPE_P_TRAIN_744.csv
│   ├── VAIPE_P_TRAIN_745.csv
│   ├── VAIPE_P_TRAIN_746.csv
│   ├── VAIPE_P_TRAIN_747.csv
│   ├── VAIPE_P_TRAIN_748.csv
│   ├── VAIPE_P_TRAIN_749.csv
│   ├── VAIPE_P_TRAIN_75.csv
│   ├── VAIPE_P_TRAIN_750.csv
│   ├── VAIPE_P_TRAIN_751.csv
│   ├── VAIPE_P_TRAIN_752.csv
│   ├── VAIPE_P_TRAIN_753.csv
│   ├── VAIPE_P_TRAIN_754.csv
│   ├── VAIPE_P_TRAIN_755.csv
│   ├── VAIPE_P_TRAIN_756.csv
│   ├── VAIPE_P_TRAIN_757.csv
│   ├── VAIPE_P_TRAIN_758.csv
│   ├── VAIPE_P_TRAIN_759.csv
│   ├── VAIPE_P_TRAIN_76.csv
│   ├── VAIPE_P_TRAIN_760.csv
│   ├── VAIPE_P_TRAIN_761.csv
│   ├── VAIPE_P_TRAIN_762.csv
│   ├── VAIPE_P_TRAIN_763.csv
│   ├── VAIPE_P_TRAIN_764.csv
│   ├── VAIPE_P_TRAIN_765.csv
│   ├── VAIPE_P_TRAIN_766.csv
│   ├── VAIPE_P_TRAIN_767.csv
│   ├── VAIPE_P_TRAIN_768.csv
│   ├── VAIPE_P_TRAIN_769.csv
│   ├── VAIPE_P_TRAIN_77.csv
│   ├── VAIPE_P_TRAIN_770.csv
│   ├── VAIPE_P_TRAIN_771.csv
│   ├── VAIPE_P_TRAIN_772.csv
│   ├── VAIPE_P_TRAIN_773.csv
│   ├── VAIPE_P_TRAIN_774.csv
│   ├── VAIPE_P_TRAIN_775.csv
│   ├── VAIPE_P_TRAIN_776.csv
│   ├── VAIPE_P_TRAIN_777.csv
│   ├── VAIPE_P_TRAIN_778.csv
│   ├── VAIPE_P_TRAIN_779.csv
│   ├── VAIPE_P_TRAIN_78.csv
│   ├── VAIPE_P_TRAIN_780.csv
│   ├── VAIPE_P_TRAIN_781.csv
│   ├── VAIPE_P_TRAIN_782.csv
│   ├── VAIPE_P_TRAIN_783.csv
│   ├── VAIPE_P_TRAIN_784.csv
│   ├── VAIPE_P_TRAIN_785.csv
│   ├── VAIPE_P_TRAIN_786.csv
│   ├── VAIPE_P_TRAIN_787.csv
│   ├── VAIPE_P_TRAIN_788.csv
│   ├── VAIPE_P_TRAIN_789.csv
│   ├── VAIPE_P_TRAIN_79.csv
│   ├── VAIPE_P_TRAIN_790.csv
│   ├── VAIPE_P_TRAIN_791.csv
│   ├── VAIPE_P_TRAIN_792.csv
│   ├── VAIPE_P_TRAIN_793.csv
│   ├── VAIPE_P_TRAIN_794.csv
│   ├── VAIPE_P_TRAIN_795.csv
│   ├── VAIPE_P_TRAIN_796.csv
│   ├── VAIPE_P_TRAIN_797.csv
│   ├── VAIPE_P_TRAIN_798.csv
│   ├── VAIPE_P_TRAIN_799.csv
│   ├── VAIPE_P_TRAIN_8.csv
│   ├── VAIPE_P_TRAIN_80.csv
│   ├── VAIPE_P_TRAIN_800.csv
│   ├── VAIPE_P_TRAIN_801.csv
│   ├── VAIPE_P_TRAIN_802.csv
│   ├── VAIPE_P_TRAIN_803.csv
│   ├── VAIPE_P_TRAIN_804.csv
│   ├── VAIPE_P_TRAIN_805.csv
│   ├── VAIPE_P_TRAIN_806.csv
│   ├── VAIPE_P_TRAIN_807.csv
│   ├── VAIPE_P_TRAIN_808.csv
│   ├── VAIPE_P_TRAIN_809.csv
│   ├── VAIPE_P_TRAIN_81.csv
│   ├── VAIPE_P_TRAIN_810.csv
│   ├── VAIPE_P_TRAIN_811.csv
│   ├── VAIPE_P_TRAIN_812.csv
│   ├── VAIPE_P_TRAIN_813.csv
│   ├── VAIPE_P_TRAIN_814.csv
│   ├── VAIPE_P_TRAIN_815.csv
│   ├── VAIPE_P_TRAIN_816.csv
│   ├── VAIPE_P_TRAIN_817.csv
│   ├── VAIPE_P_TRAIN_818.csv
│   ├── VAIPE_P_TRAIN_819.csv
│   ├── VAIPE_P_TRAIN_82.csv
│   ├── VAIPE_P_TRAIN_820.csv
│   ├── VAIPE_P_TRAIN_821.csv
│   ├── VAIPE_P_TRAIN_822.csv
│   ├── VAIPE_P_TRAIN_823.csv
│   ├── VAIPE_P_TRAIN_824.csv
│   ├── VAIPE_P_TRAIN_825.csv
│   ├── VAIPE_P_TRAIN_826.csv
│   ├── VAIPE_P_TRAIN_827.csv
│   ├── VAIPE_P_TRAIN_828.csv
│   ├── VAIPE_P_TRAIN_829.csv
│   ├── VAIPE_P_TRAIN_83.csv
│   ├── VAIPE_P_TRAIN_830.csv
│   ├── VAIPE_P_TRAIN_831.csv
│   ├── VAIPE_P_TRAIN_832.csv
│   ├── VAIPE_P_TRAIN_833.csv
│   ├── VAIPE_P_TRAIN_834.csv
│   ├── VAIPE_P_TRAIN_835.csv
│   ├── VAIPE_P_TRAIN_836.csv
│   ├── VAIPE_P_TRAIN_837.csv
│   ├── VAIPE_P_TRAIN_838.csv
│   ├── VAIPE_P_TRAIN_839.csv
│   ├── VAIPE_P_TRAIN_84.csv
│   ├── VAIPE_P_TRAIN_840.csv
│   ├── VAIPE_P_TRAIN_841.csv
│   ├── VAIPE_P_TRAIN_842.csv
│   ├── VAIPE_P_TRAIN_843.csv
│   ├── VAIPE_P_TRAIN_844.csv
│   ├── VAIPE_P_TRAIN_845.csv
│   ├── VAIPE_P_TRAIN_846.csv
│   ├── VAIPE_P_TRAIN_847.csv
│   ├── VAIPE_P_TRAIN_848.csv
│   ├── VAIPE_P_TRAIN_849.csv
│   ├── VAIPE_P_TRAIN_85.csv
│   ├── VAIPE_P_TRAIN_850.csv
│   ├── VAIPE_P_TRAIN_851.csv
│   ├── VAIPE_P_TRAIN_852.csv
│   ├── VAIPE_P_TRAIN_853.csv
│   ├── VAIPE_P_TRAIN_854.csv
│   ├── VAIPE_P_TRAIN_855.csv
│   ├── VAIPE_P_TRAIN_856.csv
│   ├── VAIPE_P_TRAIN_857.csv
│   ├── VAIPE_P_TRAIN_858.csv
│   ├── VAIPE_P_TRAIN_859.csv
│   ├── VAIPE_P_TRAIN_86.csv
│   ├── VAIPE_P_TRAIN_860.csv
│   ├── VAIPE_P_TRAIN_861.csv
│   ├── VAIPE_P_TRAIN_862.csv
│   ├── VAIPE_P_TRAIN_863.csv
│   ├── VAIPE_P_TRAIN_864.csv
│   ├── VAIPE_P_TRAIN_865.csv
│   ├── VAIPE_P_TRAIN_866.csv
│   ├── VAIPE_P_TRAIN_867.csv
│   ├── VAIPE_P_TRAIN_868.csv
│   ├── VAIPE_P_TRAIN_869.csv
│   ├── VAIPE_P_TRAIN_87.csv
│   ├── VAIPE_P_TRAIN_870.csv
│   ├── VAIPE_P_TRAIN_871.csv
│   ├── VAIPE_P_TRAIN_872.csv
│   ├── VAIPE_P_TRAIN_873.csv
│   ├── VAIPE_P_TRAIN_874.csv
│   ├── VAIPE_P_TRAIN_875.csv
│   ├── VAIPE_P_TRAIN_876.csv
│   ├── VAIPE_P_TRAIN_877.csv
│   ├── VAIPE_P_TRAIN_878.csv
│   ├── VAIPE_P_TRAIN_879.csv
│   ├── VAIPE_P_TRAIN_88.csv
│   ├── VAIPE_P_TRAIN_880.csv
│   ├── VAIPE_P_TRAIN_881.csv
│   ├── VAIPE_P_TRAIN_882.csv
│   ├── VAIPE_P_TRAIN_883.csv
│   ├── VAIPE_P_TRAIN_884.csv
│   ├── VAIPE_P_TRAIN_885.csv
│   ├── VAIPE_P_TRAIN_886.csv
│   ├── VAIPE_P_TRAIN_887.csv
│   ├── VAIPE_P_TRAIN_888.csv
│   ├── VAIPE_P_TRAIN_889.csv
│   ├── VAIPE_P_TRAIN_89.csv
│   ├── VAIPE_P_TRAIN_890.csv
│   ├── VAIPE_P_TRAIN_891.csv
│   ├── VAIPE_P_TRAIN_892.csv
│   ├── VAIPE_P_TRAIN_893.csv
│   ├── VAIPE_P_TRAIN_894.csv
│   ├── VAIPE_P_TRAIN_895.csv
│   ├── VAIPE_P_TRAIN_896.csv
│   ├── VAIPE_P_TRAIN_897.csv
│   ├── VAIPE_P_TRAIN_898.csv
│   ├── VAIPE_P_TRAIN_899.csv
│   ├── VAIPE_P_TRAIN_9.csv
│   ├── VAIPE_P_TRAIN_90.csv
│   ├── VAIPE_P_TRAIN_900.csv
│   ├── VAIPE_P_TRAIN_901.csv
│   ├── VAIPE_P_TRAIN_902.csv
│   ├── VAIPE_P_TRAIN_903.csv
│   ├── VAIPE_P_TRAIN_904.csv
│   ├── VAIPE_P_TRAIN_905.csv
│   ├── VAIPE_P_TRAIN_906.csv
│   ├── VAIPE_P_TRAIN_907.csv
│   ├── VAIPE_P_TRAIN_908.csv
│   ├── VAIPE_P_TRAIN_909.csv
│   ├── VAIPE_P_TRAIN_91.csv
│   ├── VAIPE_P_TRAIN_910.csv
│   ├── VAIPE_P_TRAIN_911.csv
│   ├── VAIPE_P_TRAIN_912.csv
│   ├── VAIPE_P_TRAIN_913.csv
│   ├── VAIPE_P_TRAIN_914.csv
│   ├── VAIPE_P_TRAIN_915.csv
│   ├── VAIPE_P_TRAIN_916.csv
│   ├── VAIPE_P_TRAIN_917.csv
│   ├── VAIPE_P_TRAIN_918.csv
│   ├── VAIPE_P_TRAIN_919.csv
│   ├── VAIPE_P_TRAIN_92.csv
│   ├── VAIPE_P_TRAIN_920.csv
│   ├── VAIPE_P_TRAIN_921.csv
│   ├── VAIPE_P_TRAIN_922.csv
│   ├── VAIPE_P_TRAIN_923.csv
│   ├── VAIPE_P_TRAIN_924.csv
│   ├── VAIPE_P_TRAIN_925.csv
│   ├── VAIPE_P_TRAIN_926.csv
│   ├── VAIPE_P_TRAIN_927.csv
│   ├── VAIPE_P_TRAIN_928.csv
│   ├── VAIPE_P_TRAIN_929.csv
│   ├── VAIPE_P_TRAIN_93.csv
│   ├── VAIPE_P_TRAIN_930.csv
│   ├── VAIPE_P_TRAIN_931.csv
│   ├── VAIPE_P_TRAIN_932.csv
│   ├── VAIPE_P_TRAIN_933.csv
│   ├── VAIPE_P_TRAIN_934.csv
│   ├── VAIPE_P_TRAIN_935.csv
│   ├── VAIPE_P_TRAIN_936.csv
│   ├── VAIPE_P_TRAIN_937.csv
│   ├── VAIPE_P_TRAIN_938.csv
│   ├── VAIPE_P_TRAIN_939.csv
│   ├── VAIPE_P_TRAIN_94.csv
│   ├── VAIPE_P_TRAIN_940.csv
│   ├── VAIPE_P_TRAIN_941.csv
│   ├── VAIPE_P_TRAIN_942.csv
│   ├── VAIPE_P_TRAIN_943.csv
│   ├── VAIPE_P_TRAIN_944.csv
│   ├── VAIPE_P_TRAIN_945.csv
│   ├── VAIPE_P_TRAIN_946.csv
│   ├── VAIPE_P_TRAIN_947.csv
│   ├── VAIPE_P_TRAIN_948.csv
│   ├── VAIPE_P_TRAIN_949.csv
│   ├── VAIPE_P_TRAIN_95.csv
│   ├── VAIPE_P_TRAIN_950.csv
│   ├── VAIPE_P_TRAIN_951.csv
│   ├── VAIPE_P_TRAIN_952.csv
│   ├── VAIPE_P_TRAIN_953.csv
│   ├── VAIPE_P_TRAIN_954.csv
│   ├── VAIPE_P_TRAIN_955.csv
│   ├── VAIPE_P_TRAIN_956.csv
│   ├── VAIPE_P_TRAIN_957.csv
│   ├── VAIPE_P_TRAIN_958.csv
│   ├── VAIPE_P_TRAIN_959.csv
│   ├── VAIPE_P_TRAIN_96.csv
│   ├── VAIPE_P_TRAIN_960.csv
│   ├── VAIPE_P_TRAIN_961.csv
│   ├── VAIPE_P_TRAIN_962.csv
│   ├── VAIPE_P_TRAIN_963.csv
│   ├── VAIPE_P_TRAIN_964.csv
│   ├── VAIPE_P_TRAIN_965.csv
│   ├── VAIPE_P_TRAIN_966.csv
│   ├── VAIPE_P_TRAIN_967.csv
│   ├── VAIPE_P_TRAIN_968.csv
│   ├── VAIPE_P_TRAIN_969.csv
│   ├── VAIPE_P_TRAIN_97.csv
│   ├── VAIPE_P_TRAIN_970.csv
│   ├── VAIPE_P_TRAIN_971.csv
│   ├── VAIPE_P_TRAIN_972.csv
│   ├── VAIPE_P_TRAIN_973.csv
│   ├── VAIPE_P_TRAIN_974.csv
│   ├── VAIPE_P_TRAIN_975.csv
│   ├── VAIPE_P_TRAIN_976.csv
│   ├── VAIPE_P_TRAIN_977.csv
│   ├── VAIPE_P_TRAIN_978.csv
│   ├── VAIPE_P_TRAIN_979.csv
│   ├── VAIPE_P_TRAIN_98.csv
│   ├── VAIPE_P_TRAIN_980.csv
│   ├── VAIPE_P_TRAIN_981.csv
│   ├── VAIPE_P_TRAIN_982.csv
│   ├── VAIPE_P_TRAIN_983.csv
│   ├── VAIPE_P_TRAIN_984.csv
│   ├── VAIPE_P_TRAIN_985.csv
│   ├── VAIPE_P_TRAIN_986.csv
│   ├── VAIPE_P_TRAIN_987.csv
│   ├── VAIPE_P_TRAIN_988.csv
│   ├── VAIPE_P_TRAIN_989.csv
│   ├── VAIPE_P_TRAIN_99.csv
│   ├── VAIPE_P_TRAIN_990.csv
│   ├── VAIPE_P_TRAIN_991.csv
│   ├── VAIPE_P_TRAIN_992.csv
│   ├── VAIPE_P_TRAIN_993.csv
│   ├── VAIPE_P_TRAIN_994.csv
│   ├── VAIPE_P_TRAIN_995.csv
│   ├── VAIPE_P_TRAIN_996.csv
│   ├── VAIPE_P_TRAIN_997.csv
│   ├── VAIPE_P_TRAIN_998.csv
│   └── VAIPE_P_TRAIN_999.csv
├── data_image
│   ├── VAIPE_P_TRAIN_0.png
│   ├── VAIPE_P_TRAIN_1.png
│   ├── VAIPE_P_TRAIN_10.png
│   ├── VAIPE_P_TRAIN_100.png
│   ├── VAIPE_P_TRAIN_1000.png
│   ├── VAIPE_P_TRAIN_1001.png
│   ├── VAIPE_P_TRAIN_1002.png
│   ├── VAIPE_P_TRAIN_1003.png
│   ├── VAIPE_P_TRAIN_1004.png
│   ├── VAIPE_P_TRAIN_1005.png
│   ├── VAIPE_P_TRAIN_1006.png
│   ├── VAIPE_P_TRAIN_1007.png
│   ├── VAIPE_P_TRAIN_1008.png
│   ├── VAIPE_P_TRAIN_1009.png
│   ├── VAIPE_P_TRAIN_101.png
│   ├── VAIPE_P_TRAIN_1010.png
│   ├── VAIPE_P_TRAIN_1011.png
│   ├── VAIPE_P_TRAIN_1012.png
│   ├── VAIPE_P_TRAIN_1013.png
│   ├── VAIPE_P_TRAIN_1014.png
│   ├── VAIPE_P_TRAIN_1015.png
│   ├── VAIPE_P_TRAIN_1016.png
│   ├── VAIPE_P_TRAIN_1017.png
│   ├── VAIPE_P_TRAIN_1018.png
│   ├── VAIPE_P_TRAIN_1019.png
│   ├── VAIPE_P_TRAIN_102.png
│   ├── VAIPE_P_TRAIN_1020.png
│   ├── VAIPE_P_TRAIN_1021.png
│   ├── VAIPE_P_TRAIN_1022.png
│   ├── VAIPE_P_TRAIN_1023.png
│   ├── VAIPE_P_TRAIN_1024.png
│   ├── VAIPE_P_TRAIN_1025.png
│   ├── VAIPE_P_TRAIN_1026.png
│   ├── VAIPE_P_TRAIN_1027.png
│   ├── VAIPE_P_TRAIN_1028.png
│   ├── VAIPE_P_TRAIN_1029.png
│   ├── VAIPE_P_TRAIN_103.png
│   ├── VAIPE_P_TRAIN_1030.png
│   ├── VAIPE_P_TRAIN_1031.png
│   ├── VAIPE_P_TRAIN_1032.png
│   ├── VAIPE_P_TRAIN_1033.png
│   ├── VAIPE_P_TRAIN_1034.png
│   ├── VAIPE_P_TRAIN_1035.png
│   ├── VAIPE_P_TRAIN_1036.png
│   ├── VAIPE_P_TRAIN_1037.png
│   ├── VAIPE_P_TRAIN_1038.png
│   ├── VAIPE_P_TRAIN_1039.png
│   ├── VAIPE_P_TRAIN_104.png
│   ├── VAIPE_P_TRAIN_1040.png
│   ├── VAIPE_P_TRAIN_1041.png
│   ├── VAIPE_P_TRAIN_1042.png
│   ├── VAIPE_P_TRAIN_1043.png
│   ├── VAIPE_P_TRAIN_1044.png
│   ├── VAIPE_P_TRAIN_1045.png
│   ├── VAIPE_P_TRAIN_1046.png
│   ├── VAIPE_P_TRAIN_1047.png
│   ├── VAIPE_P_TRAIN_1048.png
│   ├── VAIPE_P_TRAIN_1049.png
│   ├── VAIPE_P_TRAIN_105.png
│   ├── VAIPE_P_TRAIN_1050.png
│   ├── VAIPE_P_TRAIN_1051.png
│   ├── VAIPE_P_TRAIN_1052.png
│   ├── VAIPE_P_TRAIN_1053.png
│   ├── VAIPE_P_TRAIN_1054.png
│   ├── VAIPE_P_TRAIN_1055.png
│   ├── VAIPE_P_TRAIN_1056.png
│   ├── VAIPE_P_TRAIN_1057.png
│   ├── VAIPE_P_TRAIN_1058.png
│   ├── VAIPE_P_TRAIN_1059.png
│   ├── VAIPE_P_TRAIN_106.png
│   ├── VAIPE_P_TRAIN_1060.png
│   ├── VAIPE_P_TRAIN_1061.png
│   ├── VAIPE_P_TRAIN_1062.png
│   ├── VAIPE_P_TRAIN_1063.png
│   ├── VAIPE_P_TRAIN_1064.png
│   ├── VAIPE_P_TRAIN_1065.png
│   ├── VAIPE_P_TRAIN_1066.png
│   ├── VAIPE_P_TRAIN_1067.png
│   ├── VAIPE_P_TRAIN_1068.png
│   ├── VAIPE_P_TRAIN_1069.png
│   ├── VAIPE_P_TRAIN_107.png
│   ├── VAIPE_P_TRAIN_1070.png
│   ├── VAIPE_P_TRAIN_1071.png
│   ├── VAIPE_P_TRAIN_1072.png
│   ├── VAIPE_P_TRAIN_1073.png
│   ├── VAIPE_P_TRAIN_1074.png
│   ├── VAIPE_P_TRAIN_1075.png
│   ├── VAIPE_P_TRAIN_1076.png
│   ├── VAIPE_P_TRAIN_1077.png
│   ├── VAIPE_P_TRAIN_1078.png
│   ├── VAIPE_P_TRAIN_1079.png
│   ├── VAIPE_P_TRAIN_108.png
│   ├── VAIPE_P_TRAIN_1080.png
│   ├── VAIPE_P_TRAIN_1081.png
│   ├── VAIPE_P_TRAIN_1082.png
│   ├── VAIPE_P_TRAIN_1083.png
│   ├── VAIPE_P_TRAIN_1084.png
│   ├── VAIPE_P_TRAIN_1085.png
│   ├── VAIPE_P_TRAIN_1086.png
│   ├── VAIPE_P_TRAIN_1087.png
│   ├── VAIPE_P_TRAIN_1088.png
│   ├── VAIPE_P_TRAIN_1089.png
│   ├── VAIPE_P_TRAIN_109.png
│   ├── VAIPE_P_TRAIN_1090.png
│   ├── VAIPE_P_TRAIN_1091.png
│   ├── VAIPE_P_TRAIN_1092.png
│   ├── VAIPE_P_TRAIN_1093.png
│   ├── VAIPE_P_TRAIN_1094.png
│   ├── VAIPE_P_TRAIN_1095.png
│   ├── VAIPE_P_TRAIN_1096.png
│   ├── VAIPE_P_TRAIN_1097.png
│   ├── VAIPE_P_TRAIN_1098.png
│   ├── VAIPE_P_TRAIN_1099.png
│   ├── VAIPE_P_TRAIN_11.png
│   ├── VAIPE_P_TRAIN_110.png
│   ├── VAIPE_P_TRAIN_1100.png
│   ├── VAIPE_P_TRAIN_1101.png
│   ├── VAIPE_P_TRAIN_1102.png
│   ├── VAIPE_P_TRAIN_1103.png
│   ├── VAIPE_P_TRAIN_1104.png
│   ├── VAIPE_P_TRAIN_1105.png
│   ├── VAIPE_P_TRAIN_1106.png
│   ├── VAIPE_P_TRAIN_1107.png
│   ├── VAIPE_P_TRAIN_1108.png
│   ├── VAIPE_P_TRAIN_1109.png
│   ├── VAIPE_P_TRAIN_111.png
│   ├── VAIPE_P_TRAIN_1110.png
│   ├── VAIPE_P_TRAIN_1111.png
│   ├── VAIPE_P_TRAIN_1112.png
│   ├── VAIPE_P_TRAIN_1113.png
│   ├── VAIPE_P_TRAIN_1114.png
│   ├── VAIPE_P_TRAIN_1115.png
│   ├── VAIPE_P_TRAIN_1116.png
│   ├── VAIPE_P_TRAIN_1117.png
│   ├── VAIPE_P_TRAIN_1118.png
│   ├── VAIPE_P_TRAIN_1119.png
│   ├── VAIPE_P_TRAIN_112.png
│   ├── VAIPE_P_TRAIN_1120.png
│   ├── VAIPE_P_TRAIN_1121.png
│   ├── VAIPE_P_TRAIN_1122.png
│   ├── VAIPE_P_TRAIN_1123.png
│   ├── VAIPE_P_TRAIN_1124.png
│   ├── VAIPE_P_TRAIN_1125.png
│   ├── VAIPE_P_TRAIN_1126.png
│   ├── VAIPE_P_TRAIN_1127.png
│   ├── VAIPE_P_TRAIN_1128.png
│   ├── VAIPE_P_TRAIN_1129.png
│   ├── VAIPE_P_TRAIN_113.png
│   ├── VAIPE_P_TRAIN_1130.png
│   ├── VAIPE_P_TRAIN_1131.png
│   ├── VAIPE_P_TRAIN_1132.png
│   ├── VAIPE_P_TRAIN_1133.png
│   ├── VAIPE_P_TRAIN_1134.png
│   ├── VAIPE_P_TRAIN_1135.png
│   ├── VAIPE_P_TRAIN_1136.png
│   ├── VAIPE_P_TRAIN_1137.png
│   ├── VAIPE_P_TRAIN_1138.png
│   ├── VAIPE_P_TRAIN_1139.png
│   ├── VAIPE_P_TRAIN_114.png
│   ├── VAIPE_P_TRAIN_1140.png
│   ├── VAIPE_P_TRAIN_1141.png
│   ├── VAIPE_P_TRAIN_1142.png
│   ├── VAIPE_P_TRAIN_1143.png
│   ├── VAIPE_P_TRAIN_1144.png
│   ├── VAIPE_P_TRAIN_1145.png
│   ├── VAIPE_P_TRAIN_1146.png
│   ├── VAIPE_P_TRAIN_1147.png
│   ├── VAIPE_P_TRAIN_1148.png
│   ├── VAIPE_P_TRAIN_1149.png
│   ├── VAIPE_P_TRAIN_115.png
│   ├── VAIPE_P_TRAIN_1150.png
│   ├── VAIPE_P_TRAIN_1151.png
│   ├── VAIPE_P_TRAIN_1152.png
│   ├── VAIPE_P_TRAIN_1153.png
│   ├── VAIPE_P_TRAIN_1154.png
│   ├── VAIPE_P_TRAIN_1155.png
│   ├── VAIPE_P_TRAIN_1156.png
│   ├── VAIPE_P_TRAIN_1157.png
│   ├── VAIPE_P_TRAIN_1158.png
│   ├── VAIPE_P_TRAIN_1159.png
│   ├── VAIPE_P_TRAIN_116.png
│   ├── VAIPE_P_TRAIN_1160.png
│   ├── VAIPE_P_TRAIN_1161.png
│   ├── VAIPE_P_TRAIN_1162.png
│   ├── VAIPE_P_TRAIN_1163.png
│   ├── VAIPE_P_TRAIN_1164.png
│   ├── VAIPE_P_TRAIN_1165.png
│   ├── VAIPE_P_TRAIN_1166.png
│   ├── VAIPE_P_TRAIN_1167.png
│   ├── VAIPE_P_TRAIN_1168.png
│   ├── VAIPE_P_TRAIN_1169.png
│   ├── VAIPE_P_TRAIN_117.png
│   ├── VAIPE_P_TRAIN_1170.png
│   ├── VAIPE_P_TRAIN_1171.png
│   ├── VAIPE_P_TRAIN_1172.png
│   ├── VAIPE_P_TRAIN_118.png
│   ├── VAIPE_P_TRAIN_119.png
│   ├── VAIPE_P_TRAIN_12.png
│   ├── VAIPE_P_TRAIN_120.png
│   ├── VAIPE_P_TRAIN_121.png
│   ├── VAIPE_P_TRAIN_122.png
│   ├── VAIPE_P_TRAIN_123.png
│   ├── VAIPE_P_TRAIN_124.png
│   ├── VAIPE_P_TRAIN_125.png
│   ├── VAIPE_P_TRAIN_126.png
│   ├── VAIPE_P_TRAIN_127.png
│   ├── VAIPE_P_TRAIN_128.png
│   ├── VAIPE_P_TRAIN_129.png
│   ├── VAIPE_P_TRAIN_13.png
│   ├── VAIPE_P_TRAIN_130.png
│   ├── VAIPE_P_TRAIN_131.png
│   ├── VAIPE_P_TRAIN_132.png
│   ├── VAIPE_P_TRAIN_133.png
│   ├── VAIPE_P_TRAIN_134.png
│   ├── VAIPE_P_TRAIN_135.png
│   ├── VAIPE_P_TRAIN_136.png
│   ├── VAIPE_P_TRAIN_137.png
│   ├── VAIPE_P_TRAIN_138.png
│   ├── VAIPE_P_TRAIN_139.png
│   ├── VAIPE_P_TRAIN_14.png
│   ├── VAIPE_P_TRAIN_140.png
│   ├── VAIPE_P_TRAIN_141.png
│   ├── VAIPE_P_TRAIN_142.png
│   ├── VAIPE_P_TRAIN_143.png
│   ├── VAIPE_P_TRAIN_144.png
│   ├── VAIPE_P_TRAIN_145.png
│   ├── VAIPE_P_TRAIN_146.png
│   ├── VAIPE_P_TRAIN_147.png
│   ├── VAIPE_P_TRAIN_148.png
│   ├── VAIPE_P_TRAIN_149.png
│   ├── VAIPE_P_TRAIN_15.png
│   ├── VAIPE_P_TRAIN_150.png
│   ├── VAIPE_P_TRAIN_151.png
│   ├── VAIPE_P_TRAIN_152.png
│   ├── VAIPE_P_TRAIN_153.png
│   ├── VAIPE_P_TRAIN_154.png
│   ├── VAIPE_P_TRAIN_155.png
│   ├── VAIPE_P_TRAIN_156.png
│   ├── VAIPE_P_TRAIN_157.png
│   ├── VAIPE_P_TRAIN_158.png
│   ├── VAIPE_P_TRAIN_159.png
│   ├── VAIPE_P_TRAIN_16.png
│   ├── VAIPE_P_TRAIN_160.png
│   ├── VAIPE_P_TRAIN_161.png
│   ├── VAIPE_P_TRAIN_162.png
│   ├── VAIPE_P_TRAIN_163.png
│   ├── VAIPE_P_TRAIN_164.png
│   ├── VAIPE_P_TRAIN_165.png
│   ├── VAIPE_P_TRAIN_166.png
│   ├── VAIPE_P_TRAIN_167.png
│   ├── VAIPE_P_TRAIN_168.png
│   ├── VAIPE_P_TRAIN_169.png
│   ├── VAIPE_P_TRAIN_17.png
│   ├── VAIPE_P_TRAIN_170.png
│   ├── VAIPE_P_TRAIN_171.png
│   ├── VAIPE_P_TRAIN_172.png
│   ├── VAIPE_P_TRAIN_173.png
│   ├── VAIPE_P_TRAIN_174.png
│   ├── VAIPE_P_TRAIN_175.png
│   ├── VAIPE_P_TRAIN_176.png
│   ├── VAIPE_P_TRAIN_177.png
│   ├── VAIPE_P_TRAIN_178.png
│   ├── VAIPE_P_TRAIN_179.png
│   ├── VAIPE_P_TRAIN_18.png
│   ├── VAIPE_P_TRAIN_180.png
│   ├── VAIPE_P_TRAIN_181.png
│   ├── VAIPE_P_TRAIN_182.png
│   ├── VAIPE_P_TRAIN_183.png
│   ├── VAIPE_P_TRAIN_184.png
│   ├── VAIPE_P_TRAIN_185.png
│   ├── VAIPE_P_TRAIN_186.png
│   ├── VAIPE_P_TRAIN_187.png
│   ├── VAIPE_P_TRAIN_188.png
│   ├── VAIPE_P_TRAIN_189.png
│   ├── VAIPE_P_TRAIN_19.png
│   ├── VAIPE_P_TRAIN_190.png
│   ├── VAIPE_P_TRAIN_191.png
│   ├── VAIPE_P_TRAIN_192.png
│   ├── VAIPE_P_TRAIN_193.png
│   ├── VAIPE_P_TRAIN_194.png
│   ├── VAIPE_P_TRAIN_195.png
│   ├── VAIPE_P_TRAIN_196.png
│   ├── VAIPE_P_TRAIN_197.png
│   ├── VAIPE_P_TRAIN_198.png
│   ├── VAIPE_P_TRAIN_199.png
│   ├── VAIPE_P_TRAIN_2.png
│   ├── VAIPE_P_TRAIN_20.png
│   ├── VAIPE_P_TRAIN_200.png
│   ├── VAIPE_P_TRAIN_201.png
│   ├── VAIPE_P_TRAIN_202.png
│   ├── VAIPE_P_TRAIN_203.png
│   ├── VAIPE_P_TRAIN_204.png
│   ├── VAIPE_P_TRAIN_205.png
│   ├── VAIPE_P_TRAIN_206.png
│   ├── VAIPE_P_TRAIN_207.png
│   ├── VAIPE_P_TRAIN_208.png
│   ├── VAIPE_P_TRAIN_209.png
│   ├── VAIPE_P_TRAIN_21.png
│   ├── VAIPE_P_TRAIN_210.png
│   ├── VAIPE_P_TRAIN_211.png
│   ├── VAIPE_P_TRAIN_212.png
│   ├── VAIPE_P_TRAIN_213.png
│   ├── VAIPE_P_TRAIN_214.png
│   ├── VAIPE_P_TRAIN_215.png
│   ├── VAIPE_P_TRAIN_216.png
│   ├── VAIPE_P_TRAIN_217.png
│   ├── VAIPE_P_TRAIN_218.png
│   ├── VAIPE_P_TRAIN_219.png
│   ├── VAIPE_P_TRAIN_22.png
│   ├── VAIPE_P_TRAIN_220.png
│   ├── VAIPE_P_TRAIN_221.png
│   ├── VAIPE_P_TRAIN_222.png
│   ├── VAIPE_P_TRAIN_223.png
│   ├── VAIPE_P_TRAIN_224.png
│   ├── VAIPE_P_TRAIN_225.png
│   ├── VAIPE_P_TRAIN_226.png
│   ├── VAIPE_P_TRAIN_227.png
│   ├── VAIPE_P_TRAIN_228.png
│   ├── VAIPE_P_TRAIN_229.png
│   ├── VAIPE_P_TRAIN_23.png
│   ├── VAIPE_P_TRAIN_230.png
│   ├── VAIPE_P_TRAIN_231.png
│   ├── VAIPE_P_TRAIN_232.png
│   ├── VAIPE_P_TRAIN_233.png
│   ├── VAIPE_P_TRAIN_234.png
│   ├── VAIPE_P_TRAIN_235.png
│   ├── VAIPE_P_TRAIN_236.png
│   ├── VAIPE_P_TRAIN_237.png
│   ├── VAIPE_P_TRAIN_238.png
│   ├── VAIPE_P_TRAIN_239.png
│   ├── VAIPE_P_TRAIN_24.png
│   ├── VAIPE_P_TRAIN_240.png
│   ├── VAIPE_P_TRAIN_241.png
│   ├── VAIPE_P_TRAIN_242.png
│   ├── VAIPE_P_TRAIN_243.png
│   ├── VAIPE_P_TRAIN_244.png
│   ├── VAIPE_P_TRAIN_245.png
│   ├── VAIPE_P_TRAIN_246.png
│   ├── VAIPE_P_TRAIN_247.png
│   ├── VAIPE_P_TRAIN_248.png
│   ├── VAIPE_P_TRAIN_249.png
│   ├── VAIPE_P_TRAIN_25.png
│   ├── VAIPE_P_TRAIN_250.png
│   ├── VAIPE_P_TRAIN_251.png
│   ├── VAIPE_P_TRAIN_252.png
│   ├── VAIPE_P_TRAIN_253.png
│   ├── VAIPE_P_TRAIN_254.png
│   ├── VAIPE_P_TRAIN_255.png
│   ├── VAIPE_P_TRAIN_256.png
│   ├── VAIPE_P_TRAIN_257.png
│   ├── VAIPE_P_TRAIN_258.png
│   ├── VAIPE_P_TRAIN_259.png
│   ├── VAIPE_P_TRAIN_26.png
│   ├── VAIPE_P_TRAIN_260.png
│   ├── VAIPE_P_TRAIN_261.png
│   ├── VAIPE_P_TRAIN_262.png
│   ├── VAIPE_P_TRAIN_263.png
│   ├── VAIPE_P_TRAIN_264.png
│   ├── VAIPE_P_TRAIN_265.png
│   ├── VAIPE_P_TRAIN_266.png
│   ├── VAIPE_P_TRAIN_267.png
│   ├── VAIPE_P_TRAIN_268.png
│   ├── VAIPE_P_TRAIN_269.png
│   ├── VAIPE_P_TRAIN_27.png
│   ├── VAIPE_P_TRAIN_270.png
│   ├── VAIPE_P_TRAIN_271.png
│   ├── VAIPE_P_TRAIN_272.png
│   ├── VAIPE_P_TRAIN_273.png
│   ├── VAIPE_P_TRAIN_274.png
│   ├── VAIPE_P_TRAIN_275.png
│   ├── VAIPE_P_TRAIN_276.png
│   ├── VAIPE_P_TRAIN_277.png
│   ├── VAIPE_P_TRAIN_278.png
│   ├── VAIPE_P_TRAIN_279.png
│   ├── VAIPE_P_TRAIN_28.png
│   ├── VAIPE_P_TRAIN_280.png
│   ├── VAIPE_P_TRAIN_281.png
│   ├── VAIPE_P_TRAIN_282.png
│   ├── VAIPE_P_TRAIN_283.png
│   ├── VAIPE_P_TRAIN_284.png
│   ├── VAIPE_P_TRAIN_285.png
│   ├── VAIPE_P_TRAIN_286.png
│   ├── VAIPE_P_TRAIN_287.png
│   ├── VAIPE_P_TRAIN_288.png
│   ├── VAIPE_P_TRAIN_289.png
│   ├── VAIPE_P_TRAIN_29.png
│   ├── VAIPE_P_TRAIN_290.png
│   ├── VAIPE_P_TRAIN_291.png
│   ├── VAIPE_P_TRAIN_292.png
│   ├── VAIPE_P_TRAIN_293.png
│   ├── VAIPE_P_TRAIN_294.png
│   ├── VAIPE_P_TRAIN_295.png
│   ├── VAIPE_P_TRAIN_296.png
│   ├── VAIPE_P_TRAIN_297.png
│   ├── VAIPE_P_TRAIN_298.png
│   ├── VAIPE_P_TRAIN_299.png
│   ├── VAIPE_P_TRAIN_3.png
│   ├── VAIPE_P_TRAIN_30.png
│   ├── VAIPE_P_TRAIN_300.png
│   ├── VAIPE_P_TRAIN_301.png
│   ├── VAIPE_P_TRAIN_302.png
│   ├── VAIPE_P_TRAIN_303.png
│   ├── VAIPE_P_TRAIN_304.png
│   ├── VAIPE_P_TRAIN_305.png
│   ├── VAIPE_P_TRAIN_306.png
│   ├── VAIPE_P_TRAIN_307.png
│   ├── VAIPE_P_TRAIN_308.png
│   ├── VAIPE_P_TRAIN_309.png
│   ├── VAIPE_P_TRAIN_31.png
│   ├── VAIPE_P_TRAIN_310.png
│   ├── VAIPE_P_TRAIN_311.png
│   ├── VAIPE_P_TRAIN_312.png
│   ├── VAIPE_P_TRAIN_313.png
│   ├── VAIPE_P_TRAIN_314.png
│   ├── VAIPE_P_TRAIN_315.png
│   ├── VAIPE_P_TRAIN_316.png
│   ├── VAIPE_P_TRAIN_317.png
│   ├── VAIPE_P_TRAIN_318.png
│   ├── VAIPE_P_TRAIN_319.png
│   ├── VAIPE_P_TRAIN_32.png
│   ├── VAIPE_P_TRAIN_320.png
│   ├── VAIPE_P_TRAIN_321.png
│   ├── VAIPE_P_TRAIN_322.png
│   ├── VAIPE_P_TRAIN_323.png
│   ├── VAIPE_P_TRAIN_324.png
│   ├── VAIPE_P_TRAIN_325.png
│   ├── VAIPE_P_TRAIN_326.png
│   ├── VAIPE_P_TRAIN_327.png
│   ├── VAIPE_P_TRAIN_328.png
│   ├── VAIPE_P_TRAIN_329.png
│   ├── VAIPE_P_TRAIN_33.png
│   ├── VAIPE_P_TRAIN_330.png
│   ├── VAIPE_P_TRAIN_331.png
│   ├── VAIPE_P_TRAIN_332.png
│   ├── VAIPE_P_TRAIN_333.png
│   ├── VAIPE_P_TRAIN_334.png
│   ├── VAIPE_P_TRAIN_335.png
│   ├── VAIPE_P_TRAIN_336.png
│   ├── VAIPE_P_TRAIN_337.png
│   ├── VAIPE_P_TRAIN_338.png
│   ├── VAIPE_P_TRAIN_339.png
│   ├── VAIPE_P_TRAIN_34.png
│   ├── VAIPE_P_TRAIN_340.png
│   ├── VAIPE_P_TRAIN_341.png
│   ├── VAIPE_P_TRAIN_342.png
│   ├── VAIPE_P_TRAIN_343.png
│   ├── VAIPE_P_TRAIN_344.png
│   ├── VAIPE_P_TRAIN_345.png
│   ├── VAIPE_P_TRAIN_346.png
│   ├── VAIPE_P_TRAIN_347.png
│   ├── VAIPE_P_TRAIN_348.png
│   ├── VAIPE_P_TRAIN_349.png
│   ├── VAIPE_P_TRAIN_35.png
│   ├── VAIPE_P_TRAIN_350.png
│   ├── VAIPE_P_TRAIN_351.png
│   ├── VAIPE_P_TRAIN_352.png
│   ├── VAIPE_P_TRAIN_353.png
│   ├── VAIPE_P_TRAIN_354.png
│   ├── VAIPE_P_TRAIN_355.png
│   ├── VAIPE_P_TRAIN_356.png
│   ├── VAIPE_P_TRAIN_357.png
│   ├── VAIPE_P_TRAIN_358.png
│   ├── VAIPE_P_TRAIN_359.png
│   ├── VAIPE_P_TRAIN_36.png
│   ├── VAIPE_P_TRAIN_360.png
│   ├── VAIPE_P_TRAIN_361.png
│   ├── VAIPE_P_TRAIN_362.png
│   ├── VAIPE_P_TRAIN_363.png
│   ├── VAIPE_P_TRAIN_364.png
│   ├── VAIPE_P_TRAIN_365.png
│   ├── VAIPE_P_TRAIN_366.png
│   ├── VAIPE_P_TRAIN_367.png
│   ├── VAIPE_P_TRAIN_368.png
│   ├── VAIPE_P_TRAIN_369.png
│   ├── VAIPE_P_TRAIN_37.png
│   ├── VAIPE_P_TRAIN_370.png
│   ├── VAIPE_P_TRAIN_371.png
│   ├── VAIPE_P_TRAIN_372.png
│   ├── VAIPE_P_TRAIN_373.png
│   ├── VAIPE_P_TRAIN_374.png
│   ├── VAIPE_P_TRAIN_375.png
│   ├── VAIPE_P_TRAIN_376.png
│   ├── VAIPE_P_TRAIN_377.png
│   ├── VAIPE_P_TRAIN_378.png
│   ├── VAIPE_P_TRAIN_379.png
│   ├── VAIPE_P_TRAIN_38.png
│   ├── VAIPE_P_TRAIN_380.png
│   ├── VAIPE_P_TRAIN_381.png
│   ├── VAIPE_P_TRAIN_382.png
│   ├── VAIPE_P_TRAIN_383.png
│   ├── VAIPE_P_TRAIN_384.png
│   ├── VAIPE_P_TRAIN_385.png
│   ├── VAIPE_P_TRAIN_386.png
│   ├── VAIPE_P_TRAIN_387.png
│   ├── VAIPE_P_TRAIN_388.png
│   ├── VAIPE_P_TRAIN_389.png
│   ├── VAIPE_P_TRAIN_39.png
│   ├── VAIPE_P_TRAIN_390.png
│   ├── VAIPE_P_TRAIN_391.png
│   ├── VAIPE_P_TRAIN_392.png
│   ├── VAIPE_P_TRAIN_393.png
│   ├── VAIPE_P_TRAIN_394.png
│   ├── VAIPE_P_TRAIN_395.png
│   ├── VAIPE_P_TRAIN_396.png
│   ├── VAIPE_P_TRAIN_397.png
│   ├── VAIPE_P_TRAIN_398.png
│   ├── VAIPE_P_TRAIN_399.png
│   ├── VAIPE_P_TRAIN_4.png
│   ├── VAIPE_P_TRAIN_40.png
│   ├── VAIPE_P_TRAIN_400.png
│   ├── VAIPE_P_TRAIN_401.png
│   ├── VAIPE_P_TRAIN_402.png
│   ├── VAIPE_P_TRAIN_403.png
│   ├── VAIPE_P_TRAIN_404.png
│   ├── VAIPE_P_TRAIN_405.png
│   ├── VAIPE_P_TRAIN_406.png
│   ├── VAIPE_P_TRAIN_407.png
│   ├── VAIPE_P_TRAIN_408.png
│   ├── VAIPE_P_TRAIN_409.png
│   ├── VAIPE_P_TRAIN_41.png
│   ├── VAIPE_P_TRAIN_410.png
│   ├── VAIPE_P_TRAIN_411.png
│   ├── VAIPE_P_TRAIN_412.png
│   ├── VAIPE_P_TRAIN_413.png
│   ├── VAIPE_P_TRAIN_414.png
│   ├── VAIPE_P_TRAIN_415.png
│   ├── VAIPE_P_TRAIN_416.png
│   ├── VAIPE_P_TRAIN_417.png
│   ├── VAIPE_P_TRAIN_418.png
│   ├── VAIPE_P_TRAIN_419.png
│   ├── VAIPE_P_TRAIN_42.png
│   ├── VAIPE_P_TRAIN_420.png
│   ├── VAIPE_P_TRAIN_421.png
│   ├── VAIPE_P_TRAIN_422.png
│   ├── VAIPE_P_TRAIN_423.png
│   ├── VAIPE_P_TRAIN_424.png
│   ├── VAIPE_P_TRAIN_425.png
│   ├── VAIPE_P_TRAIN_426.png
│   ├── VAIPE_P_TRAIN_427.png
│   ├── VAIPE_P_TRAIN_428.png
│   ├── VAIPE_P_TRAIN_429.png
│   ├── VAIPE_P_TRAIN_43.png
│   ├── VAIPE_P_TRAIN_430.png
│   ├── VAIPE_P_TRAIN_431.png
│   ├── VAIPE_P_TRAIN_432.png
│   ├── VAIPE_P_TRAIN_433.png
│   ├── VAIPE_P_TRAIN_434.png
│   ├── VAIPE_P_TRAIN_435.png
│   ├── VAIPE_P_TRAIN_436.png
│   ├── VAIPE_P_TRAIN_437.png
│   ├── VAIPE_P_TRAIN_438.png
│   ├── VAIPE_P_TRAIN_439.png
│   ├── VAIPE_P_TRAIN_44.png
│   ├── VAIPE_P_TRAIN_440.png
│   ├── VAIPE_P_TRAIN_441.png
│   ├── VAIPE_P_TRAIN_442.png
│   ├── VAIPE_P_TRAIN_443.png
│   ├── VAIPE_P_TRAIN_444.png
│   ├── VAIPE_P_TRAIN_445.png
│   ├── VAIPE_P_TRAIN_446.png
│   ├── VAIPE_P_TRAIN_447.png
│   ├── VAIPE_P_TRAIN_448.png
│   ├── VAIPE_P_TRAIN_449.png
│   ├── VAIPE_P_TRAIN_45.png
│   ├── VAIPE_P_TRAIN_450.png
│   ├── VAIPE_P_TRAIN_451.png
│   ├── VAIPE_P_TRAIN_452.png
│   ├── VAIPE_P_TRAIN_453.png
│   ├── VAIPE_P_TRAIN_454.png
│   ├── VAIPE_P_TRAIN_455.png
│   ├── VAIPE_P_TRAIN_456.png
│   ├── VAIPE_P_TRAIN_457.png
│   ├── VAIPE_P_TRAIN_458.png
│   ├── VAIPE_P_TRAIN_459.png
│   ├── VAIPE_P_TRAIN_46.png
│   ├── VAIPE_P_TRAIN_460.png
│   ├── VAIPE_P_TRAIN_461.png
│   ├── VAIPE_P_TRAIN_462.png
│   ├── VAIPE_P_TRAIN_463.png
│   ├── VAIPE_P_TRAIN_464.png
│   ├── VAIPE_P_TRAIN_465.png
│   ├── VAIPE_P_TRAIN_466.png
│   ├── VAIPE_P_TRAIN_467.png
│   ├── VAIPE_P_TRAIN_468.png
│   ├── VAIPE_P_TRAIN_469.png
│   ├── VAIPE_P_TRAIN_47.png
│   ├── VAIPE_P_TRAIN_470.png
│   ├── VAIPE_P_TRAIN_471.png
│   ├── VAIPE_P_TRAIN_472.png
│   ├── VAIPE_P_TRAIN_473.png
│   ├── VAIPE_P_TRAIN_474.png
│   ├── VAIPE_P_TRAIN_475.png
│   ├── VAIPE_P_TRAIN_476.png
│   ├── VAIPE_P_TRAIN_477.png
│   ├── VAIPE_P_TRAIN_478.png
│   ├── VAIPE_P_TRAIN_479.png
│   ├── VAIPE_P_TRAIN_48.png
│   ├── VAIPE_P_TRAIN_480.png
│   ├── VAIPE_P_TRAIN_481.png
│   ├── VAIPE_P_TRAIN_482.png
│   ├── VAIPE_P_TRAIN_483.png
│   ├── VAIPE_P_TRAIN_484.png
│   ├── VAIPE_P_TRAIN_485.png
│   ├── VAIPE_P_TRAIN_486.png
│   ├── VAIPE_P_TRAIN_487.png
│   ├── VAIPE_P_TRAIN_488.png
│   ├── VAIPE_P_TRAIN_489.png
│   ├── VAIPE_P_TRAIN_49.png
│   ├── VAIPE_P_TRAIN_490.png
│   ├── VAIPE_P_TRAIN_491.png
│   ├── VAIPE_P_TRAIN_492.png
│   ├── VAIPE_P_TRAIN_493.png
│   ├── VAIPE_P_TRAIN_494.png
│   ├── VAIPE_P_TRAIN_495.png
│   ├── VAIPE_P_TRAIN_496.png
│   ├── VAIPE_P_TRAIN_497.png
│   ├── VAIPE_P_TRAIN_498.png
│   ├── VAIPE_P_TRAIN_499.png
│   ├── VAIPE_P_TRAIN_5.png
│   ├── VAIPE_P_TRAIN_50.png
│   ├── VAIPE_P_TRAIN_500.png
│   ├── VAIPE_P_TRAIN_501.png
│   ├── VAIPE_P_TRAIN_502.png
│   ├── VAIPE_P_TRAIN_503.png
│   ├── VAIPE_P_TRAIN_504.png
│   ├── VAIPE_P_TRAIN_505.png
│   ├── VAIPE_P_TRAIN_506.png
│   ├── VAIPE_P_TRAIN_507.png
│   ├── VAIPE_P_TRAIN_508.png
│   ├── VAIPE_P_TRAIN_509.png
│   ├── VAIPE_P_TRAIN_51.png
│   ├── VAIPE_P_TRAIN_510.png
│   ├── VAIPE_P_TRAIN_511.png
│   ├── VAIPE_P_TRAIN_512.png
│   ├── VAIPE_P_TRAIN_513.png
│   ├── VAIPE_P_TRAIN_514.png
│   ├── VAIPE_P_TRAIN_515.png
│   ├── VAIPE_P_TRAIN_516.png
│   ├── VAIPE_P_TRAIN_517.png
│   ├── VAIPE_P_TRAIN_518.png
│   ├── VAIPE_P_TRAIN_519.png
│   ├── VAIPE_P_TRAIN_52.png
│   ├── VAIPE_P_TRAIN_520.png
│   ├── VAIPE_P_TRAIN_521.png
│   ├── VAIPE_P_TRAIN_522.png
│   ├── VAIPE_P_TRAIN_523.png
│   ├── VAIPE_P_TRAIN_524.png
│   ├── VAIPE_P_TRAIN_525.png
│   ├── VAIPE_P_TRAIN_526.png
│   ├── VAIPE_P_TRAIN_527.png
│   ├── VAIPE_P_TRAIN_528.png
│   ├── VAIPE_P_TRAIN_529.png
│   ├── VAIPE_P_TRAIN_53.png
│   ├── VAIPE_P_TRAIN_530.png
│   ├── VAIPE_P_TRAIN_531.png
│   ├── VAIPE_P_TRAIN_532.png
│   ├── VAIPE_P_TRAIN_533.png
│   ├── VAIPE_P_TRAIN_534.png
│   ├── VAIPE_P_TRAIN_535.png
│   ├── VAIPE_P_TRAIN_536.png
│   ├── VAIPE_P_TRAIN_537.png
│   ├── VAIPE_P_TRAIN_538.png
│   ├── VAIPE_P_TRAIN_539.png
│   ├── VAIPE_P_TRAIN_54.png
│   ├── VAIPE_P_TRAIN_540.png
│   ├── VAIPE_P_TRAIN_541.png
│   ├── VAIPE_P_TRAIN_542.png
│   ├── VAIPE_P_TRAIN_543.png
│   ├── VAIPE_P_TRAIN_544.png
│   ├── VAIPE_P_TRAIN_545.png
│   ├── VAIPE_P_TRAIN_546.png
│   ├── VAIPE_P_TRAIN_547.png
│   ├── VAIPE_P_TRAIN_548.png
│   ├── VAIPE_P_TRAIN_549.png
│   ├── VAIPE_P_TRAIN_55.png
│   ├── VAIPE_P_TRAIN_550.png
│   ├── VAIPE_P_TRAIN_551.png
│   ├── VAIPE_P_TRAIN_552.png
│   ├── VAIPE_P_TRAIN_553.png
│   ├── VAIPE_P_TRAIN_554.png
│   ├── VAIPE_P_TRAIN_555.png
│   ├── VAIPE_P_TRAIN_556.png
│   ├── VAIPE_P_TRAIN_557.png
│   ├── VAIPE_P_TRAIN_558.png
│   ├── VAIPE_P_TRAIN_559.png
│   ├── VAIPE_P_TRAIN_56.png
│   ├── VAIPE_P_TRAIN_560.png
│   ├── VAIPE_P_TRAIN_561.png
│   ├── VAIPE_P_TRAIN_562.png
│   ├── VAIPE_P_TRAIN_563.png
│   ├── VAIPE_P_TRAIN_564.png
│   ├── VAIPE_P_TRAIN_565.png
│   ├── VAIPE_P_TRAIN_566.png
│   ├── VAIPE_P_TRAIN_567.png
│   ├── VAIPE_P_TRAIN_568.png
│   ├── VAIPE_P_TRAIN_569.png
│   ├── VAIPE_P_TRAIN_57.png
│   ├── VAIPE_P_TRAIN_570.png
│   ├── VAIPE_P_TRAIN_571.png
│   ├── VAIPE_P_TRAIN_572.png
│   ├── VAIPE_P_TRAIN_573.png
│   ├── VAIPE_P_TRAIN_574.png
│   ├── VAIPE_P_TRAIN_575.png
│   ├── VAIPE_P_TRAIN_576.png
│   ├── VAIPE_P_TRAIN_577.png
│   ├── VAIPE_P_TRAIN_578.png
│   ├── VAIPE_P_TRAIN_579.png
│   ├── VAIPE_P_TRAIN_58.png
│   ├── VAIPE_P_TRAIN_580.png
│   ├── VAIPE_P_TRAIN_581.png
│   ├── VAIPE_P_TRAIN_582.png
│   ├── VAIPE_P_TRAIN_583.png
│   ├── VAIPE_P_TRAIN_584.png
│   ├── VAIPE_P_TRAIN_585.png
│   ├── VAIPE_P_TRAIN_586.png
│   ├── VAIPE_P_TRAIN_587.png
│   ├── VAIPE_P_TRAIN_588.png
│   ├── VAIPE_P_TRAIN_589.png
│   ├── VAIPE_P_TRAIN_59.png
│   ├── VAIPE_P_TRAIN_590.png
│   ├── VAIPE_P_TRAIN_591.png
│   ├── VAIPE_P_TRAIN_592.png
│   ├── VAIPE_P_TRAIN_593.png
│   ├── VAIPE_P_TRAIN_594.png
│   ├── VAIPE_P_TRAIN_595.png
│   ├── VAIPE_P_TRAIN_596.png
│   ├── VAIPE_P_TRAIN_597.png
│   ├── VAIPE_P_TRAIN_598.png
│   ├── VAIPE_P_TRAIN_599.png
│   ├── VAIPE_P_TRAIN_6.png
│   ├── VAIPE_P_TRAIN_60.png
│   ├── VAIPE_P_TRAIN_600.png
│   ├── VAIPE_P_TRAIN_601.png
│   ├── VAIPE_P_TRAIN_602.png
│   ├── VAIPE_P_TRAIN_603.png
│   ├── VAIPE_P_TRAIN_604.png
│   ├── VAIPE_P_TRAIN_605.png
│   ├── VAIPE_P_TRAIN_606.png
│   ├── VAIPE_P_TRAIN_607.png
│   ├── VAIPE_P_TRAIN_608.png
│   ├── VAIPE_P_TRAIN_609.png
│   ├── VAIPE_P_TRAIN_61.png
│   ├── VAIPE_P_TRAIN_610.png
│   ├── VAIPE_P_TRAIN_611.png
│   ├── VAIPE_P_TRAIN_612.png
│   ├── VAIPE_P_TRAIN_613.png
│   ├── VAIPE_P_TRAIN_614.png
│   ├── VAIPE_P_TRAIN_615.png
│   ├── VAIPE_P_TRAIN_616.png
│   ├── VAIPE_P_TRAIN_617.png
│   ├── VAIPE_P_TRAIN_618.png
│   ├── VAIPE_P_TRAIN_619.png
│   ├── VAIPE_P_TRAIN_62.png
│   ├── VAIPE_P_TRAIN_620.png
│   ├── VAIPE_P_TRAIN_621.png
│   ├── VAIPE_P_TRAIN_622.png
│   ├── VAIPE_P_TRAIN_623.png
│   ├── VAIPE_P_TRAIN_624.png
│   ├── VAIPE_P_TRAIN_625.png
│   ├── VAIPE_P_TRAIN_626.png
│   ├── VAIPE_P_TRAIN_627.png
│   ├── VAIPE_P_TRAIN_628.png
│   ├── VAIPE_P_TRAIN_629.png
│   ├── VAIPE_P_TRAIN_63.png
│   ├── VAIPE_P_TRAIN_630.png
│   ├── VAIPE_P_TRAIN_631.png
│   ├── VAIPE_P_TRAIN_632.png
│   ├── VAIPE_P_TRAIN_633.png
│   ├── VAIPE_P_TRAIN_634.png
│   ├── VAIPE_P_TRAIN_635.png
│   ├── VAIPE_P_TRAIN_636.png
│   ├── VAIPE_P_TRAIN_637.png
│   ├── VAIPE_P_TRAIN_638.png
│   ├── VAIPE_P_TRAIN_639.png
│   ├── VAIPE_P_TRAIN_64.png
│   ├── VAIPE_P_TRAIN_640.png
│   ├── VAIPE_P_TRAIN_641.png
│   ├── VAIPE_P_TRAIN_642.png
│   ├── VAIPE_P_TRAIN_643.png
│   ├── VAIPE_P_TRAIN_644.png
│   ├── VAIPE_P_TRAIN_645.png
│   ├── VAIPE_P_TRAIN_646.png
│   ├── VAIPE_P_TRAIN_647.png
│   ├── VAIPE_P_TRAIN_648.png
│   ├── VAIPE_P_TRAIN_649.png
│   ├── VAIPE_P_TRAIN_65.png
│   ├── VAIPE_P_TRAIN_650.png
│   ├── VAIPE_P_TRAIN_651.png
│   ├── VAIPE_P_TRAIN_652.png
│   ├── VAIPE_P_TRAIN_653.png
│   ├── VAIPE_P_TRAIN_654.png
│   ├── VAIPE_P_TRAIN_655.png
│   ├── VAIPE_P_TRAIN_656.png
│   ├── VAIPE_P_TRAIN_657.png
│   ├── VAIPE_P_TRAIN_658.png
│   ├── VAIPE_P_TRAIN_659.png
│   ├── VAIPE_P_TRAIN_66.png
│   ├── VAIPE_P_TRAIN_660.png
│   ├── VAIPE_P_TRAIN_661.png
│   ├── VAIPE_P_TRAIN_662.png
│   ├── VAIPE_P_TRAIN_663.png
│   ├── VAIPE_P_TRAIN_664.png
│   ├── VAIPE_P_TRAIN_665.png
│   ├── VAIPE_P_TRAIN_666.png
│   ├── VAIPE_P_TRAIN_667.png
│   ├── VAIPE_P_TRAIN_668.png
│   ├── VAIPE_P_TRAIN_669.png
│   ├── VAIPE_P_TRAIN_67.png
│   ├── VAIPE_P_TRAIN_670.png
│   ├── VAIPE_P_TRAIN_671.png
│   ├── VAIPE_P_TRAIN_672.png
│   ├── VAIPE_P_TRAIN_673.png
│   ├── VAIPE_P_TRAIN_674.png
│   ├── VAIPE_P_TRAIN_675.png
│   ├── VAIPE_P_TRAIN_676.png
│   ├── VAIPE_P_TRAIN_677.png
│   ├── VAIPE_P_TRAIN_678.png
│   ├── VAIPE_P_TRAIN_679.png
│   ├── VAIPE_P_TRAIN_68.png
│   ├── VAIPE_P_TRAIN_680.png
│   ├── VAIPE_P_TRAIN_681.png
│   ├── VAIPE_P_TRAIN_682.png
│   ├── VAIPE_P_TRAIN_683.png
│   ├── VAIPE_P_TRAIN_684.png
│   ├── VAIPE_P_TRAIN_685.png
│   ├── VAIPE_P_TRAIN_686.png
│   ├── VAIPE_P_TRAIN_687.png
│   ├── VAIPE_P_TRAIN_688.png
│   ├── VAIPE_P_TRAIN_689.png
│   ├── VAIPE_P_TRAIN_69.png
│   ├── VAIPE_P_TRAIN_690.png
│   ├── VAIPE_P_TRAIN_691.png
│   ├── VAIPE_P_TRAIN_692.png
│   ├── VAIPE_P_TRAIN_693.png
│   ├── VAIPE_P_TRAIN_694.png
│   ├── VAIPE_P_TRAIN_695.png
│   ├── VAIPE_P_TRAIN_696.png
│   ├── VAIPE_P_TRAIN_697.png
│   ├── VAIPE_P_TRAIN_698.png
│   ├── VAIPE_P_TRAIN_699.png
│   ├── VAIPE_P_TRAIN_7.png
│   ├── VAIPE_P_TRAIN_70.png
│   ├── VAIPE_P_TRAIN_700.png
│   ├── VAIPE_P_TRAIN_701.png
│   ├── VAIPE_P_TRAIN_702.png
│   ├── VAIPE_P_TRAIN_703.png
│   ├── VAIPE_P_TRAIN_704.png
│   ├── VAIPE_P_TRAIN_705.png
│   ├── VAIPE_P_TRAIN_706.png
│   ├── VAIPE_P_TRAIN_707.png
│   ├── VAIPE_P_TRAIN_708.png
│   ├── VAIPE_P_TRAIN_709.png
│   ├── VAIPE_P_TRAIN_71.png
│   ├── VAIPE_P_TRAIN_710.png
│   ├── VAIPE_P_TRAIN_711.png
│   ├── VAIPE_P_TRAIN_712.png
│   ├── VAIPE_P_TRAIN_713.png
│   ├── VAIPE_P_TRAIN_714.png
│   ├── VAIPE_P_TRAIN_715.png
│   ├── VAIPE_P_TRAIN_716.png
│   ├── VAIPE_P_TRAIN_717.png
│   ├── VAIPE_P_TRAIN_718.png
│   ├── VAIPE_P_TRAIN_719.png
│   ├── VAIPE_P_TRAIN_72.png
│   ├── VAIPE_P_TRAIN_720.png
│   ├── VAIPE_P_TRAIN_721.png
│   ├── VAIPE_P_TRAIN_722.png
│   ├── VAIPE_P_TRAIN_723.png
│   ├── VAIPE_P_TRAIN_724.png
│   ├── VAIPE_P_TRAIN_725.png
│   ├── VAIPE_P_TRAIN_726.png
│   ├── VAIPE_P_TRAIN_727.png
│   ├── VAIPE_P_TRAIN_728.png
│   ├── VAIPE_P_TRAIN_729.png
│   ├── VAIPE_P_TRAIN_73.png
│   ├── VAIPE_P_TRAIN_730.png
│   ├── VAIPE_P_TRAIN_731.png
│   ├── VAIPE_P_TRAIN_732.png
│   ├── VAIPE_P_TRAIN_733.png
│   ├── VAIPE_P_TRAIN_734.png
│   ├── VAIPE_P_TRAIN_735.png
│   ├── VAIPE_P_TRAIN_736.png
│   ├── VAIPE_P_TRAIN_737.png
│   ├── VAIPE_P_TRAIN_738.png
│   ├── VAIPE_P_TRAIN_739.png
│   ├── VAIPE_P_TRAIN_74.png
│   ├── VAIPE_P_TRAIN_740.png
│   ├── VAIPE_P_TRAIN_741.png
│   ├── VAIPE_P_TRAIN_742.png
│   ├── VAIPE_P_TRAIN_743.png
│   ├── VAIPE_P_TRAIN_744.png
│   ├── VAIPE_P_TRAIN_745.png
│   ├── VAIPE_P_TRAIN_746.png
│   ├── VAIPE_P_TRAIN_747.png
│   ├── VAIPE_P_TRAIN_748.png
│   ├── VAIPE_P_TRAIN_749.png
│   ├── VAIPE_P_TRAIN_75.png
│   ├── VAIPE_P_TRAIN_750.png
│   ├── VAIPE_P_TRAIN_751.png
│   ├── VAIPE_P_TRAIN_752.png
│   ├── VAIPE_P_TRAIN_753.png
│   ├── VAIPE_P_TRAIN_754.png
│   ├── VAIPE_P_TRAIN_755.png
│   ├── VAIPE_P_TRAIN_756.png
│   ├── VAIPE_P_TRAIN_757.png
│   ├── VAIPE_P_TRAIN_758.png
│   ├── VAIPE_P_TRAIN_759.png
│   ├── VAIPE_P_TRAIN_76.png
│   ├── VAIPE_P_TRAIN_760.png
│   ├── VAIPE_P_TRAIN_761.png
│   ├── VAIPE_P_TRAIN_762.png
│   ├── VAIPE_P_TRAIN_763.png
│   ├── VAIPE_P_TRAIN_764.png
│   ├── VAIPE_P_TRAIN_765.png
│   ├── VAIPE_P_TRAIN_766.png
│   ├── VAIPE_P_TRAIN_767.png
│   ├── VAIPE_P_TRAIN_768.png
│   ├── VAIPE_P_TRAIN_769.png
│   ├── VAIPE_P_TRAIN_77.png
│   ├── VAIPE_P_TRAIN_770.png
│   ├── VAIPE_P_TRAIN_771.png
│   ├── VAIPE_P_TRAIN_772.png
│   ├── VAIPE_P_TRAIN_773.png
│   ├── VAIPE_P_TRAIN_774.png
│   ├── VAIPE_P_TRAIN_775.png
│   ├── VAIPE_P_TRAIN_776.png
│   ├── VAIPE_P_TRAIN_777.png
│   ├── VAIPE_P_TRAIN_778.png
│   ├── VAIPE_P_TRAIN_779.png
│   ├── VAIPE_P_TRAIN_78.png
│   ├── VAIPE_P_TRAIN_780.png
│   ├── VAIPE_P_TRAIN_781.png
│   ├── VAIPE_P_TRAIN_782.png
│   ├── VAIPE_P_TRAIN_783.png
│   ├── VAIPE_P_TRAIN_784.png
│   ├── VAIPE_P_TRAIN_785.png
│   ├── VAIPE_P_TRAIN_786.png
│   ├── VAIPE_P_TRAIN_787.png
│   ├── VAIPE_P_TRAIN_788.png
│   ├── VAIPE_P_TRAIN_789.png
│   ├── VAIPE_P_TRAIN_79.png
│   ├── VAIPE_P_TRAIN_790.png
│   ├── VAIPE_P_TRAIN_791.png
│   ├── VAIPE_P_TRAIN_792.png
│   ├── VAIPE_P_TRAIN_793.png
│   ├── VAIPE_P_TRAIN_794.png
│   ├── VAIPE_P_TRAIN_795.png
│   ├── VAIPE_P_TRAIN_796.png
│   ├── VAIPE_P_TRAIN_797.png
│   ├── VAIPE_P_TRAIN_798.png
│   ├── VAIPE_P_TRAIN_799.png
│   ├── VAIPE_P_TRAIN_8.png
│   ├── VAIPE_P_TRAIN_80.png
│   ├── VAIPE_P_TRAIN_800.png
│   ├── VAIPE_P_TRAIN_801.png
│   ├── VAIPE_P_TRAIN_802.png
│   ├── VAIPE_P_TRAIN_803.png
│   ├── VAIPE_P_TRAIN_804.png
│   ├── VAIPE_P_TRAIN_805.png
│   ├── VAIPE_P_TRAIN_806.png
│   ├── VAIPE_P_TRAIN_807.png
│   ├── VAIPE_P_TRAIN_808.png
│   ├── VAIPE_P_TRAIN_809.png
│   ├── VAIPE_P_TRAIN_81.png
│   ├── VAIPE_P_TRAIN_810.png
│   ├── VAIPE_P_TRAIN_811.png
│   ├── VAIPE_P_TRAIN_812.png
│   ├── VAIPE_P_TRAIN_813.png
│   ├── VAIPE_P_TRAIN_814.png
│   ├── VAIPE_P_TRAIN_815.png
│   ├── VAIPE_P_TRAIN_816.png
│   ├── VAIPE_P_TRAIN_817.png
│   ├── VAIPE_P_TRAIN_818.png
│   ├── VAIPE_P_TRAIN_819.png
│   ├── VAIPE_P_TRAIN_82.png
│   ├── VAIPE_P_TRAIN_820.png
│   ├── VAIPE_P_TRAIN_821.png
│   ├── VAIPE_P_TRAIN_822.png
│   ├── VAIPE_P_TRAIN_823.png
│   ├── VAIPE_P_TRAIN_824.png
│   ├── VAIPE_P_TRAIN_825.png
│   ├── VAIPE_P_TRAIN_826.png
│   ├── VAIPE_P_TRAIN_827.png
│   ├── VAIPE_P_TRAIN_828.png
│   ├── VAIPE_P_TRAIN_829.png
│   ├── VAIPE_P_TRAIN_83.png
│   ├── VAIPE_P_TRAIN_830.png
│   ├── VAIPE_P_TRAIN_831.png
│   ├── VAIPE_P_TRAIN_832.png
│   ├── VAIPE_P_TRAIN_833.png
│   ├── VAIPE_P_TRAIN_834.png
│   ├── VAIPE_P_TRAIN_835.png
│   ├── VAIPE_P_TRAIN_836.png
│   ├── VAIPE_P_TRAIN_837.png
│   ├── VAIPE_P_TRAIN_838.png
│   ├── VAIPE_P_TRAIN_839.png
│   ├── VAIPE_P_TRAIN_84.png
│   ├── VAIPE_P_TRAIN_840.png
│   ├── VAIPE_P_TRAIN_841.png
│   ├── VAIPE_P_TRAIN_842.png
│   ├── VAIPE_P_TRAIN_843.png
│   ├── VAIPE_P_TRAIN_844.png
│   ├── VAIPE_P_TRAIN_845.png
│   ├── VAIPE_P_TRAIN_846.png
│   ├── VAIPE_P_TRAIN_847.png
│   ├── VAIPE_P_TRAIN_848.png
│   ├── VAIPE_P_TRAIN_849.png
│   ├── VAIPE_P_TRAIN_85.png
│   ├── VAIPE_P_TRAIN_850.png
│   ├── VAIPE_P_TRAIN_851.png
│   ├── VAIPE_P_TRAIN_852.png
│   ├── VAIPE_P_TRAIN_853.png
│   ├── VAIPE_P_TRAIN_854.png
│   ├── VAIPE_P_TRAIN_855.png
│   ├── VAIPE_P_TRAIN_856.png
│   ├── VAIPE_P_TRAIN_857.png
│   ├── VAIPE_P_TRAIN_858.png
│   ├── VAIPE_P_TRAIN_859.png
│   ├── VAIPE_P_TRAIN_86.png
│   ├── VAIPE_P_TRAIN_860.png
│   ├── VAIPE_P_TRAIN_861.png
│   ├── VAIPE_P_TRAIN_862.png
│   ├── VAIPE_P_TRAIN_863.png
│   ├── VAIPE_P_TRAIN_864.png
│   ├── VAIPE_P_TRAIN_865.png
│   ├── VAIPE_P_TRAIN_866.png
│   ├── VAIPE_P_TRAIN_867.png
│   ├── VAIPE_P_TRAIN_868.png
│   ├── VAIPE_P_TRAIN_869.png
│   ├── VAIPE_P_TRAIN_87.png
│   ├── VAIPE_P_TRAIN_870.png
│   ├── VAIPE_P_TRAIN_871.png
│   ├── VAIPE_P_TRAIN_872.png
│   ├── VAIPE_P_TRAIN_873.png
│   ├── VAIPE_P_TRAIN_874.png
│   ├── VAIPE_P_TRAIN_875.png
│   ├── VAIPE_P_TRAIN_876.png
│   ├── VAIPE_P_TRAIN_877.png
│   ├── VAIPE_P_TRAIN_878.png
│   ├── VAIPE_P_TRAIN_879.png
│   ├── VAIPE_P_TRAIN_88.png
│   ├── VAIPE_P_TRAIN_880.png
│   ├── VAIPE_P_TRAIN_881.png
│   ├── VAIPE_P_TRAIN_882.png
│   ├── VAIPE_P_TRAIN_883.png
│   ├── VAIPE_P_TRAIN_884.png
│   ├── VAIPE_P_TRAIN_885.png
│   ├── VAIPE_P_TRAIN_886.png
│   ├── VAIPE_P_TRAIN_887.png
│   ├── VAIPE_P_TRAIN_888.png
│   ├── VAIPE_P_TRAIN_889.png
│   ├── VAIPE_P_TRAIN_89.png
│   ├── VAIPE_P_TRAIN_890.png
│   ├── VAIPE_P_TRAIN_891.png
│   ├── VAIPE_P_TRAIN_892.png
│   ├── VAIPE_P_TRAIN_893.png
│   ├── VAIPE_P_TRAIN_894.png
│   ├── VAIPE_P_TRAIN_895.png
│   ├── VAIPE_P_TRAIN_896.png
│   ├── VAIPE_P_TRAIN_897.png
│   ├── VAIPE_P_TRAIN_898.png
│   ├── VAIPE_P_TRAIN_899.png
│   ├── VAIPE_P_TRAIN_9.png
│   ├── VAIPE_P_TRAIN_90.png
│   ├── VAIPE_P_TRAIN_900.png
│   ├── VAIPE_P_TRAIN_901.png
│   ├── VAIPE_P_TRAIN_902.png
│   ├── VAIPE_P_TRAIN_903.png
│   ├── VAIPE_P_TRAIN_904.png
│   ├── VAIPE_P_TRAIN_905.png
│   ├── VAIPE_P_TRAIN_906.png
│   ├── VAIPE_P_TRAIN_907.png
│   ├── VAIPE_P_TRAIN_908.png
│   ├── VAIPE_P_TRAIN_909.png
│   ├── VAIPE_P_TRAIN_91.png
│   ├── VAIPE_P_TRAIN_910.png
│   ├── VAIPE_P_TRAIN_911.png
│   ├── VAIPE_P_TRAIN_912.png
│   ├── VAIPE_P_TRAIN_913.png
│   ├── VAIPE_P_TRAIN_914.png
│   ├── VAIPE_P_TRAIN_915.png
│   ├── VAIPE_P_TRAIN_916.png
│   ├── VAIPE_P_TRAIN_917.png
│   ├── VAIPE_P_TRAIN_918.png
│   ├── VAIPE_P_TRAIN_919.png
│   ├── VAIPE_P_TRAIN_92.png
│   ├── VAIPE_P_TRAIN_920.png
│   ├── VAIPE_P_TRAIN_921.png
│   ├── VAIPE_P_TRAIN_922.png
│   ├── VAIPE_P_TRAIN_923.png
│   ├── VAIPE_P_TRAIN_924.png
│   ├── VAIPE_P_TRAIN_925.png
│   ├── VAIPE_P_TRAIN_926.png
│   ├── VAIPE_P_TRAIN_927.png
│   ├── VAIPE_P_TRAIN_928.png
│   ├── VAIPE_P_TRAIN_929.png
│   ├── VAIPE_P_TRAIN_93.png
│   ├── VAIPE_P_TRAIN_930.png
│   ├── VAIPE_P_TRAIN_931.png
│   ├── VAIPE_P_TRAIN_932.png
│   ├── VAIPE_P_TRAIN_933.png
│   ├── VAIPE_P_TRAIN_934.png
│   ├── VAIPE_P_TRAIN_935.png
│   ├── VAIPE_P_TRAIN_936.png
│   ├── VAIPE_P_TRAIN_937.png
│   ├── VAIPE_P_TRAIN_938.png
│   ├── VAIPE_P_TRAIN_939.png
│   ├── VAIPE_P_TRAIN_94.png
│   ├── VAIPE_P_TRAIN_940.png
│   ├── VAIPE_P_TRAIN_941.png
│   ├── VAIPE_P_TRAIN_942.png
│   ├── VAIPE_P_TRAIN_943.png
│   ├── VAIPE_P_TRAIN_944.png
│   ├── VAIPE_P_TRAIN_945.png
│   ├── VAIPE_P_TRAIN_946.png
│   ├── VAIPE_P_TRAIN_947.png
│   ├── VAIPE_P_TRAIN_948.png
│   ├── VAIPE_P_TRAIN_949.png
│   ├── VAIPE_P_TRAIN_95.png
│   ├── VAIPE_P_TRAIN_950.png
│   ├── VAIPE_P_TRAIN_951.png
│   ├── VAIPE_P_TRAIN_952.png
│   ├── VAIPE_P_TRAIN_953.png
│   ├── VAIPE_P_TRAIN_954.png
│   ├── VAIPE_P_TRAIN_955.png
│   ├── VAIPE_P_TRAIN_956.png
│   ├── VAIPE_P_TRAIN_957.png
│   ├── VAIPE_P_TRAIN_958.png
│   ├── VAIPE_P_TRAIN_959.png
│   ├── VAIPE_P_TRAIN_96.png
│   ├── VAIPE_P_TRAIN_960.png
│   ├── VAIPE_P_TRAIN_961.png
│   ├── VAIPE_P_TRAIN_962.png
│   ├── VAIPE_P_TRAIN_963.png
│   ├── VAIPE_P_TRAIN_964.png
│   ├── VAIPE_P_TRAIN_965.png
│   ├── VAIPE_P_TRAIN_966.png
│   ├── VAIPE_P_TRAIN_967.png
│   ├── VAIPE_P_TRAIN_968.png
│   ├── VAIPE_P_TRAIN_969.png
│   ├── VAIPE_P_TRAIN_97.png
│   ├── VAIPE_P_TRAIN_970.png
│   ├── VAIPE_P_TRAIN_971.png
│   ├── VAIPE_P_TRAIN_972.png
│   ├── VAIPE_P_TRAIN_973.png
│   ├── VAIPE_P_TRAIN_974.png
│   ├── VAIPE_P_TRAIN_975.png
│   ├── VAIPE_P_TRAIN_976.png
│   ├── VAIPE_P_TRAIN_977.png
│   ├── VAIPE_P_TRAIN_978.png
│   ├── VAIPE_P_TRAIN_979.png
│   ├── VAIPE_P_TRAIN_98.png
│   ├── VAIPE_P_TRAIN_980.png
│   ├── VAIPE_P_TRAIN_981.png
│   ├── VAIPE_P_TRAIN_982.png
│   ├── VAIPE_P_TRAIN_983.png
│   ├── VAIPE_P_TRAIN_984.png
│   ├── VAIPE_P_TRAIN_985.png
│   ├── VAIPE_P_TRAIN_986.png
│   ├── VAIPE_P_TRAIN_987.png
│   ├── VAIPE_P_TRAIN_988.png
│   ├── VAIPE_P_TRAIN_989.png
│   ├── VAIPE_P_TRAIN_99.png
│   ├── VAIPE_P_TRAIN_990.png
│   ├── VAIPE_P_TRAIN_991.png
│   ├── VAIPE_P_TRAIN_992.png
│   ├── VAIPE_P_TRAIN_993.png
│   ├── VAIPE_P_TRAIN_994.png
│   ├── VAIPE_P_TRAIN_995.png
│   ├── VAIPE_P_TRAIN_996.png
│   ├── VAIPE_P_TRAIN_997.png
│   ├── VAIPE_P_TRAIN_998.png
│   └── VAIPE_P_TRAIN_999.png
└── log.log

2 directories, 2347 files
